{"/Users/cyrille/Documents/Formation/bill-app/Billed-app-FR-Front/src/config/config.js": {"path":"/Users/cyrille/Documents/Formation/bill-app/Billed-app-FR-Front/src/config/config.js","statementMap":{"0":{"start":{"line":1,"column":22},"end":{"line":3,"column":1}}},"fnMap":{},"branchMap":{},"s":{"0":1},"f":{},"b":{},"_coverageSchema":"1a1c01bbd47fc00a2c39e90264f33305004495a9","hash":"b2cb0a7f68aaa88ed46229e4ff2cd487e4752ab2"}
,"/Users/cyrille/Documents/Formation/bill-app/Billed-app-FR-Front/src/constants/routes.js": {"path":"/Users/cyrille/Documents/Formation/bill-app/Billed-app-FR-Front/src/constants/routes.js","statementMap":{"0":{"start":{"line":6,"column":27},"end":{"line":11,"column":1}},"1":{"start":{"line":13,"column":22},"end":{"line":26,"column":1}},"2":{"start":{"line":14,"column":2},"end":{"line":25,"column":3}},"3":{"start":{"line":16,"column":6},"end":{"line":16,"column":46}},"4":{"start":{"line":18,"column":6},"end":{"line":18,"column":46}},"5":{"start":{"line":20,"column":6},"end":{"line":20,"column":24}},"6":{"start":{"line":22,"column":6},"end":{"line":22,"column":50}},"7":{"start":{"line":24,"column":6},"end":{"line":24,"column":46}}},"fnMap":{"0":{"name":"(anonymous_0)","decl":{"start":{"line":13,"column":22},"end":{"line":13,"column":23}},"loc":{"start":{"line":13,"column":62},"end":{"line":26,"column":1}},"line":13}},"branchMap":{"0":{"loc":{"start":{"line":14,"column":2},"end":{"line":25,"column":3}},"type":"switch","locations":[{"start":{"line":15,"column":4},"end":{"line":16,"column":46}},{"start":{"line":17,"column":4},"end":{"line":18,"column":46}},{"start":{"line":19,"column":4},"end":{"line":20,"column":24}},{"start":{"line":21,"column":4},"end":{"line":22,"column":50}},{"start":{"line":23,"column":4},"end":{"line":24,"column":46}}],"line":14}},"s":{"0":1,"1":1,"2":3,"3":0,"4":3,"5":0,"6":0,"7":0},"f":{"0":3},"b":{"0":[0,3,0,0,0]},"_coverageSchema":"1a1c01bbd47fc00a2c39e90264f33305004495a9","hash":"7173da116c5ff9459e7cd5a80f575afa9f871775"}
,"/Users/cyrille/Documents/Formation/bill-app/Billed-app-FR-Front/src/constants/usersTest.js": {"path":"/Users/cyrille/Documents/Formation/bill-app/Billed-app-FR-Front/src/constants/usersTest.js","statementMap":{},"fnMap":{},"branchMap":{},"s":{},"f":{},"b":{},"_coverageSchema":"1a1c01bbd47fc00a2c39e90264f33305004495a9","hash":"333036646b53c00e5c002b8e4f23fa7e21d4e4d4"}
,"/Users/cyrille/Documents/Formation/bill-app/Billed-app-FR-Front/src/containers/Bills.js": {"path":"/Users/cyrille/Documents/Formation/bill-app/Billed-app-FR-Front/src/containers/Bills.js","statementMap":{"0":{"start":{"line":7,"column":4},"end":{"line":7,"column":28}},"1":{"start":{"line":8,"column":4},"end":{"line":8,"column":32}},"2":{"start":{"line":9,"column":4},"end":{"line":9,"column":22}},"3":{"start":{"line":10,"column":26},"end":{"line":10,"column":86}},"4":{"start":{"line":11,"column":23},"end":{"line":11,"column":62}},"5":{"start":{"line":12,"column":4},"end":{"line":12,"column":87}},"6":{"start":{"line":12,"column":23},"end":{"line":12,"column":87}},"7":{"start":{"line":13,"column":4},"end":{"line":13,"column":81}},"8":{"start":{"line":13,"column":20},"end":{"line":13,"column":81}},"9":{"start":{"line":14,"column":20},"end":{"line":14,"column":76}},"10":{"start":{"line":15,"column":4},"end":{"line":17,"column":6}},"11":{"start":{"line":15,"column":17},"end":{"line":17,"column":6}},"12":{"start":{"line":16,"column":6},"end":{"line":16,"column":73}},"13":{"start":{"line":16,"column":43},"end":{"line":16,"column":72}},"14":{"start":{"line":18,"column":4},"end":{"line":18,"column":54}},"15":{"start":{"line":22,"column":23},"end":{"line":24,"column":3}},"16":{"start":{"line":23,"column":4},"end":{"line":23,"column":43}},"17":{"start":{"line":26,"column":23},"end":{"line":39,"column":3}},"18":{"start":{"line":27,"column":4},"end":{"line":29,"column":5}},"19":{"start":{"line":28,"column":6},"end":{"line":28,"column":28}},"20":{"start":{"line":30,"column":20},"end":{"line":30,"column":54}},"21":{"start":{"line":31,"column":21},"end":{"line":31,"column":63}},"22":{"start":{"line":32,"column":4},"end":{"line":38,"column":5}},"23":{"start":{"line":33,"column":6},"end":{"line":33,"column":152}},"24":{"start":{"line":34,"column":6},"end":{"line":34,"column":36}},"25":{"start":{"line":36,"column":6},"end":{"line":36,"column":170}},"26":{"start":{"line":37,"column":6},"end":{"line":37,"column":36}},"27":{"start":{"line":41,"column":13},"end":{"line":72,"column":3}},"28":{"start":{"line":42,"column":4},"end":{"line":71,"column":5}},"29":{"start":{"line":43,"column":6},"end":{"line":70,"column":8}},"30":{"start":{"line":47,"column":22},"end":{"line":67,"column":12}},"31":{"start":{"line":49,"column":12},"end":{"line":66,"column":13}},"32":{"start":{"line":50,"column":14},"end":{"line":55,"column":15}},"33":{"start":{"line":59,"column":14},"end":{"line":59,"column":38}},"34":{"start":{"line":60,"column":14},"end":{"line":65,"column":15}},"35":{"start":{"line":69,"column":8},"end":{"line":69,"column":20}}},"fnMap":{"0":{"name":"(anonymous_0)","decl":{"start":{"line":6,"column":2},"end":{"line":6,"column":3}},"loc":{"start":{"line":6,"column":61},"end":{"line":19,"column":3}},"line":6},"1":{"name":"(anonymous_1)","decl":{"start":{"line":15,"column":33},"end":{"line":15,"column":34}},"loc":{"start":{"line":15,"column":41},"end":{"line":17,"column":5}},"line":15},"2":{"name":"(anonymous_2)","decl":{"start":{"line":16,"column":37},"end":{"line":16,"column":38}},"loc":{"start":{"line":16,"column":43},"end":{"line":16,"column":72}},"line":16},"3":{"name":"(anonymous_3)","decl":{"start":{"line":22,"column":23},"end":{"line":22,"column":24}},"loc":{"start":{"line":22,"column":29},"end":{"line":24,"column":3}},"line":22},"4":{"name":"(anonymous_4)","decl":{"start":{"line":26,"column":23},"end":{"line":26,"column":24}},"loc":{"start":{"line":26,"column":33},"end":{"line":39,"column":3}},"line":26},"5":{"name":"(anonymous_5)","decl":{"start":{"line":41,"column":13},"end":{"line":41,"column":14}},"loc":{"start":{"line":41,"column":19},"end":{"line":72,"column":3}},"line":41},"6":{"name":"(anonymous_6)","decl":{"start":{"line":46,"column":12},"end":{"line":46,"column":13}},"loc":{"start":{"line":46,"column":24},"end":{"line":70,"column":7}},"line":46},"7":{"name":"(anonymous_7)","decl":{"start":{"line":48,"column":15},"end":{"line":48,"column":16}},"loc":{"start":{"line":48,"column":22},"end":{"line":67,"column":11}},"line":48}},"branchMap":{"0":{"loc":{"start":{"line":12,"column":4},"end":{"line":12,"column":87}},"type":"if","locations":[{"start":{"line":12,"column":4},"end":{"line":12,"column":87}},{"start":{"line":12,"column":4},"end":{"line":12,"column":87}}],"line":12},"1":{"loc":{"start":{"line":13,"column":4},"end":{"line":13,"column":81}},"type":"if","locations":[{"start":{"line":13,"column":4},"end":{"line":13,"column":81}},{"start":{"line":13,"column":4},"end":{"line":13,"column":81}}],"line":13},"2":{"loc":{"start":{"line":15,"column":4},"end":{"line":17,"column":6}},"type":"if","locations":[{"start":{"line":15,"column":4},"end":{"line":17,"column":6}},{"start":{"line":15,"column":4},"end":{"line":17,"column":6}}],"line":15},"3":{"loc":{"start":{"line":27,"column":4},"end":{"line":29,"column":5}},"type":"if","locations":[{"start":{"line":27,"column":4},"end":{"line":29,"column":5}},{"start":{"line":27,"column":4},"end":{"line":29,"column":5}}],"line":27},"4":{"loc":{"start":{"line":32,"column":4},"end":{"line":38,"column":5}},"type":"if","locations":[{"start":{"line":32,"column":4},"end":{"line":38,"column":5}},{"start":{"line":32,"column":4},"end":{"line":38,"column":5}}],"line":32},"5":{"loc":{"start":{"line":42,"column":4},"end":{"line":71,"column":5}},"type":"if","locations":[{"start":{"line":42,"column":4},"end":{"line":71,"column":5}},{"start":{"line":42,"column":4},"end":{"line":71,"column":5}}],"line":42}},"s":{"0":0,"1":0,"2":0,"3":0,"4":0,"5":0,"6":0,"7":0,"8":0,"9":0,"10":0,"11":0,"12":0,"13":0,"14":0,"15":0,"16":0,"17":0,"18":0,"19":0,"20":0,"21":0,"22":0,"23":0,"24":0,"25":0,"26":0,"27":0,"28":0,"29":0,"30":0,"31":0,"32":0,"33":0,"34":0,"35":0},"f":{"0":0,"1":0,"2":0,"3":0,"4":0,"5":0,"6":0,"7":0},"b":{"0":[0,0],"1":[0,0],"2":[0,0],"3":[0,0],"4":[0,0],"5":[0,0]}}
,"/Users/cyrille/Documents/Formation/bill-app/Billed-app-FR-Front/src/containers/Dashboard.js": {"path":"/Users/cyrille/Documents/Formation/bill-app/Billed-app-FR-Front/src/containers/Dashboard.js","statementMap":{"0":{"start":{"line":8,"column":29},"end":{"line":28,"column":1}},"1":{"start":{"line":9,"column":2},"end":{"line":27,"column":11}},"2":{"start":{"line":14,"column":6},"end":{"line":24,"column":7}},"3":{"start":{"line":15,"column":8},"end":{"line":15,"column":50}},"4":{"start":{"line":26,"column":6},"end":{"line":26,"column":28}},"5":{"start":{"line":30,"column":20},"end":{"line":53,"column":1}},"6":{"start":{"line":31,"column":28},"end":{"line":31,"column":52}},"7":{"start":{"line":32,"column":20},"end":{"line":33,"column":40}},"8":{"start":{"line":34,"column":19},"end":{"line":35,"column":53}},"9":{"start":{"line":37,"column":2},"end":{"line":52,"column":4}},"10":{"start":{"line":55,"column":21},"end":{"line":57,"column":1}},"11":{"start":{"line":56,"column":2},"end":{"line":56,"column":76}},"12":{"start":{"line":56,"column":51},"end":{"line":56,"column":61}},"13":{"start":{"line":59,"column":25},"end":{"line":68,"column":1}},"14":{"start":{"line":60,"column":2},"end":{"line":67,"column":3}},"15":{"start":{"line":62,"column":6},"end":{"line":62,"column":22}},"16":{"start":{"line":64,"column":6},"end":{"line":64,"column":23}},"17":{"start":{"line":66,"column":6},"end":{"line":66,"column":22}},"18":{"start":{"line":72,"column":4},"end":{"line":72,"column":28}},"19":{"start":{"line":73,"column":4},"end":{"line":73,"column":32}},"20":{"start":{"line":74,"column":4},"end":{"line":74,"column":22}},"21":{"start":{"line":75,"column":4},"end":{"line":75,"column":43}},"22":{"start":{"line":76,"column":4},"end":{"line":76,"column":28}},"23":{"start":{"line":77,"column":4},"end":{"line":77,"column":71}},"24":{"start":{"line":77,"column":35},"end":{"line":77,"column":70}},"25":{"start":{"line":78,"column":4},"end":{"line":78,"column":71}},"26":{"start":{"line":78,"column":35},"end":{"line":78,"column":70}},"27":{"start":{"line":79,"column":4},"end":{"line":79,"column":71}},"28":{"start":{"line":79,"column":35},"end":{"line":79,"column":70}},"29":{"start":{"line":80,"column":4},"end":{"line":80,"column":44}},"30":{"start":{"line":83,"column":23},"end":{"line":94,"column":3}},"31":{"start":{"line":84,"column":20},"end":{"line":84,"column":58}},"32":{"start":{"line":85,"column":21},"end":{"line":85,"column":69}},"33":{"start":{"line":87,"column":4},"end":{"line":93,"column":5}},"34":{"start":{"line":88,"column":6},"end":{"line":88,"column":146}},"35":{"start":{"line":89,"column":6},"end":{"line":89,"column":98}},"36":{"start":{"line":89,"column":62},"end":{"line":89,"column":98}},"37":{"start":{"line":91,"column":6},"end":{"line":91,"column":129}},"38":{"start":{"line":92,"column":6},"end":{"line":92,"column":98}},"39":{"start":{"line":92,"column":62},"end":{"line":92,"column":98}},"40":{"start":{"line":99,"column":4},"end":{"line":120,"column":5}},"41":{"start":{"line":101,"column":6},"end":{"line":103,"column":8}},"42":{"start":{"line":102,"column":8},"end":{"line":102,"column":61}},"43":{"start":{"line":104,"column":6},"end":{"line":104,"column":62}},"44":{"start":{"line":105,"column":6},"end":{"line":105,"column":69}},"45":{"start":{"line":106,"column":8},"end":{"line":106,"column":54}},"46":{"start":{"line":107,"column":8},"end":{"line":107,"column":55}},"47":{"start":{"line":108,"column":8},"end":{"line":108,"column":76}},"48":{"start":{"line":108,"column":43},"end":{"line":108,"column":75}},"49":{"start":{"line":109,"column":8},"end":{"line":109,"column":76}},"50":{"start":{"line":109,"column":43},"end":{"line":109,"column":75}},"51":{"start":{"line":110,"column":6},"end":{"line":110,"column":29}},"52":{"start":{"line":114,"column":6},"end":{"line":114,"column":62}},"53":{"start":{"line":115,"column":6},"end":{"line":117,"column":8}},"54":{"start":{"line":118,"column":6},"end":{"line":118,"column":52}},"55":{"start":{"line":119,"column":6},"end":{"line":119,"column":29}},"56":{"start":{"line":123,"column":23},"end":{"line":131,"column":3}},"57":{"start":{"line":124,"column":20},"end":{"line":128,"column":5}},"58":{"start":{"line":129,"column":4},"end":{"line":129,"column":28}},"59":{"start":{"line":130,"column":4},"end":{"line":130,"column":45}},"60":{"start":{"line":133,"column":23},"end":{"line":141,"column":3}},"61":{"start":{"line":134,"column":20},"end":{"line":138,"column":5}},"62":{"start":{"line":139,"column":4},"end":{"line":139,"column":28}},"63":{"start":{"line":140,"column":4},"end":{"line":140,"column":45}},"64":{"start":{"line":146,"column":4},"end":{"line":146,"column":76}},"65":{"start":{"line":146,"column":58},"end":{"line":146,"column":76}},"66":{"start":{"line":148,"column":4},"end":{"line":156,"column":5}},"67":{"start":{"line":149,"column":6},"end":{"line":149,"column":69}},"68":{"start":{"line":150,"column":6},"end":{"line":150,"column":104}},"69":{"start":{"line":151,"column":6},"end":{"line":151,"column":44}},"70":{"start":{"line":153,"column":6},"end":{"line":153,"column":70}},"71":{"start":{"line":154,"column":6},"end":{"line":154,"column":56}},"72":{"start":{"line":155,"column":6},"end":{"line":155,"column":45}},"73":{"start":{"line":158,"column":4},"end":{"line":160,"column":6}},"74":{"start":{"line":159,"column":6},"end":{"line":159,"column":83}},"75":{"start":{"line":159,"column":45},"end":{"line":159,"column":82}},"76":{"start":{"line":161,"column":4},"end":{"line":161,"column":16}},"77":{"start":{"line":164,"column":21},"end":{"line":183,"column":3}},"78":{"start":{"line":165,"column":4},"end":{"line":182,"column":5}},"79":{"start":{"line":166,"column":6},"end":{"line":181,"column":8}},"80":{"start":{"line":170,"column":22},"end":{"line":176,"column":11}},"81":{"start":{"line":171,"column":21},"end":{"line":176,"column":9}},"82":{"start":{"line":177,"column":8},"end":{"line":177,"column":20}},"83":{"start":{"line":180,"column":8},"end":{"line":180,"column":20}}},"fnMap":{"0":{"name":"(anonymous_0)","decl":{"start":{"line":8,"column":29},"end":{"line":8,"column":30}},"loc":{"start":{"line":8,"column":47},"end":{"line":28,"column":1}},"line":8},"1":{"name":"(anonymous_1)","decl":{"start":{"line":10,"column":16},"end":{"line":10,"column":17}},"loc":{"start":{"line":10,"column":24},"end":{"line":27,"column":5}},"line":10},"2":{"name":"(anonymous_2)","decl":{"start":{"line":30,"column":20},"end":{"line":30,"column":21}},"loc":{"start":{"line":30,"column":30},"end":{"line":53,"column":1}},"line":30},"3":{"name":"(anonymous_3)","decl":{"start":{"line":55,"column":21},"end":{"line":55,"column":22}},"loc":{"start":{"line":55,"column":32},"end":{"line":57,"column":1}},"line":55},"4":{"name":"(anonymous_4)","decl":{"start":{"line":56,"column":43},"end":{"line":56,"column":44}},"loc":{"start":{"line":56,"column":51},"end":{"line":56,"column":61}},"line":56},"5":{"name":"(anonymous_5)","decl":{"start":{"line":59,"column":25},"end":{"line":59,"column":26}},"loc":{"start":{"line":59,"column":36},"end":{"line":68,"column":1}},"line":59},"6":{"name":"(anonymous_6)","decl":{"start":{"line":71,"column":2},"end":{"line":71,"column":3}},"loc":{"start":{"line":71,"column":68},"end":{"line":81,"column":3}},"line":71},"7":{"name":"(anonymous_7)","decl":{"start":{"line":77,"column":28},"end":{"line":77,"column":29}},"loc":{"start":{"line":77,"column":35},"end":{"line":77,"column":70}},"line":77},"8":{"name":"(anonymous_8)","decl":{"start":{"line":78,"column":28},"end":{"line":78,"column":29}},"loc":{"start":{"line":78,"column":35},"end":{"line":78,"column":70}},"line":78},"9":{"name":"(anonymous_9)","decl":{"start":{"line":79,"column":28},"end":{"line":79,"column":29}},"loc":{"start":{"line":79,"column":35},"end":{"line":79,"column":70}},"line":79},"10":{"name":"(anonymous_10)","decl":{"start":{"line":83,"column":23},"end":{"line":83,"column":24}},"loc":{"start":{"line":83,"column":29},"end":{"line":94,"column":3}},"line":83},"11":{"name":"(anonymous_11)","decl":{"start":{"line":96,"column":2},"end":{"line":96,"column":3}},"loc":{"start":{"line":96,"column":35},"end":{"line":121,"column":3}},"line":96},"12":{"name":"(anonymous_12)","decl":{"start":{"line":101,"column":20},"end":{"line":101,"column":21}},"loc":{"start":{"line":101,"column":25},"end":{"line":103,"column":7}},"line":101},"13":{"name":"(anonymous_13)","decl":{"start":{"line":108,"column":36},"end":{"line":108,"column":37}},"loc":{"start":{"line":108,"column":43},"end":{"line":108,"column":75}},"line":108},"14":{"name":"(anonymous_14)","decl":{"start":{"line":109,"column":36},"end":{"line":109,"column":37}},"loc":{"start":{"line":109,"column":43},"end":{"line":109,"column":75}},"line":109},"15":{"name":"(anonymous_15)","decl":{"start":{"line":123,"column":23},"end":{"line":123,"column":24}},"loc":{"start":{"line":123,"column":36},"end":{"line":131,"column":3}},"line":123},"16":{"name":"(anonymous_16)","decl":{"start":{"line":133,"column":23},"end":{"line":133,"column":24}},"loc":{"start":{"line":133,"column":36},"end":{"line":141,"column":3}},"line":133},"17":{"name":"(anonymous_17)","decl":{"start":{"line":144,"column":2},"end":{"line":144,"column":3}},"loc":{"start":{"line":144,"column":37},"end":{"line":162,"column":3}},"line":144},"18":{"name":"(anonymous_18)","decl":{"start":{"line":158,"column":18},"end":{"line":158,"column":19}},"loc":{"start":{"line":158,"column":26},"end":{"line":160,"column":5}},"line":158},"19":{"name":"(anonymous_19)","decl":{"start":{"line":159,"column":38},"end":{"line":159,"column":39}},"loc":{"start":{"line":159,"column":45},"end":{"line":159,"column":82}},"line":159},"20":{"name":"(anonymous_20)","decl":{"start":{"line":164,"column":21},"end":{"line":164,"column":22}},"loc":{"start":{"line":164,"column":27},"end":{"line":183,"column":3}},"line":164},"21":{"name":"(anonymous_21)","decl":{"start":{"line":169,"column":12},"end":{"line":169,"column":13}},"loc":{"start":{"line":169,"column":24},"end":{"line":178,"column":7}},"line":169},"22":{"name":"(anonymous_22)","decl":{"start":{"line":171,"column":13},"end":{"line":171,"column":14}},"loc":{"start":{"line":171,"column":21},"end":{"line":176,"column":9}},"line":171},"23":{"name":"(anonymous_23)","decl":{"start":{"line":179,"column":13},"end":{"line":179,"column":14}},"loc":{"start":{"line":179,"column":22},"end":{"line":181,"column":7}},"line":179}},"branchMap":{"0":{"loc":{"start":{"line":9,"column":9},"end":{"line":27,"column":11}},"type":"cond-expr","locations":[{"start":{"line":10,"column":4},"end":{"line":27,"column":6}},{"start":{"line":27,"column":9},"end":{"line":27,"column":11}}],"line":9},"1":{"loc":{"start":{"line":9,"column":10},"end":{"line":9,"column":29}},"type":"binary-expr","locations":[{"start":{"line":9,"column":10},"end":{"line":9,"column":14}},{"start":{"line":9,"column":18},"end":{"line":9,"column":29}}],"line":9},"2":{"loc":{"start":{"line":14,"column":6},"end":{"line":24,"column":7}},"type":"if","locations":[{"start":{"line":14,"column":6},"end":{"line":24,"column":7}},{"start":{"line":14,"column":6},"end":{"line":24,"column":7}}],"line":14},"3":{"loc":{"start":{"line":32,"column":20},"end":{"line":33,"column":40}},"type":"cond-expr","locations":[{"start":{"line":33,"column":4},"end":{"line":33,"column":35}},{"start":{"line":33,"column":38},"end":{"line":33,"column":40}}],"line":32},"4":{"loc":{"start":{"line":34,"column":19},"end":{"line":35,"column":53}},"type":"cond-expr","locations":[{"start":{"line":35,"column":2},"end":{"line":35,"column":33}},{"start":{"line":35,"column":36},"end":{"line":35,"column":53}}],"line":34},"5":{"loc":{"start":{"line":56,"column":9},"end":{"line":56,"column":76}},"type":"cond-expr","locations":[{"start":{"line":56,"column":33},"end":{"line":56,"column":71}},{"start":{"line":56,"column":74},"end":{"line":56,"column":76}}],"line":56},"6":{"loc":{"start":{"line":56,"column":9},"end":{"line":56,"column":30}},"type":"binary-expr","locations":[{"start":{"line":56,"column":9},"end":{"line":56,"column":14}},{"start":{"line":56,"column":18},"end":{"line":56,"column":30}}],"line":56},"7":{"loc":{"start":{"line":60,"column":2},"end":{"line":67,"column":3}},"type":"switch","locations":[{"start":{"line":61,"column":4},"end":{"line":62,"column":22}},{"start":{"line":63,"column":4},"end":{"line":64,"column":23}},{"start":{"line":65,"column":4},"end":{"line":66,"column":22}}],"line":60},"8":{"loc":{"start":{"line":87,"column":4},"end":{"line":93,"column":5}},"type":"if","locations":[{"start":{"line":87,"column":4},"end":{"line":93,"column":5}},{"start":{"line":87,"column":4},"end":{"line":93,"column":5}}],"line":87},"9":{"loc":{"start":{"line":89,"column":6},"end":{"line":89,"column":98}},"type":"if","locations":[{"start":{"line":89,"column":6},"end":{"line":89,"column":98}},{"start":{"line":89,"column":6},"end":{"line":89,"column":98}}],"line":89},"10":{"loc":{"start":{"line":92,"column":6},"end":{"line":92,"column":98}},"type":"if","locations":[{"start":{"line":92,"column":6},"end":{"line":92,"column":98}},{"start":{"line":92,"column":6},"end":{"line":92,"column":98}}],"line":92},"11":{"loc":{"start":{"line":99,"column":4},"end":{"line":120,"column":5}},"type":"if","locations":[{"start":{"line":99,"column":4},"end":{"line":120,"column":5}},{"start":{"line":99,"column":4},"end":{"line":120,"column":5}}],"line":99},"12":{"loc":{"start":{"line":146,"column":4},"end":{"line":146,"column":76}},"type":"if","locations":[{"start":{"line":146,"column":4},"end":{"line":146,"column":76}},{"start":{"line":146,"column":4},"end":{"line":146,"column":76}}],"line":146},"13":{"loc":{"start":{"line":146,"column":8},"end":{"line":146,"column":56}},"type":"binary-expr","locations":[{"start":{"line":146,"column":8},"end":{"line":146,"column":32}},{"start":{"line":146,"column":36},"end":{"line":146,"column":56}}],"line":146},"14":{"loc":{"start":{"line":148,"column":4},"end":{"line":156,"column":5}},"type":"if","locations":[{"start":{"line":148,"column":4},"end":{"line":156,"column":5}},{"start":{"line":148,"column":4},"end":{"line":156,"column":5}}],"line":148},"15":{"loc":{"start":{"line":165,"column":4},"end":{"line":182,"column":5}},"type":"if","locations":[{"start":{"line":165,"column":4},"end":{"line":182,"column":5}},{"start":{"line":165,"column":4},"end":{"line":182,"column":5}}],"line":165}},"s":{"0":1,"1":0,"2":0,"3":0,"4":0,"5":1,"6":0,"7":0,"8":0,"9":0,"10":1,"11":0,"12":0,"13":1,"14":0,"15":0,"16":0,"17":0,"18":0,"19":0,"20":0,"21":0,"22":0,"23":0,"24":0,"25":0,"26":0,"27":0,"28":0,"29":0,"30":0,"31":0,"32":0,"33":0,"34":0,"35":0,"36":0,"37":0,"38":0,"39":0,"40":0,"41":0,"42":0,"43":0,"44":0,"45":0,"46":0,"47":0,"48":0,"49":0,"50":0,"51":0,"52":0,"53":0,"54":0,"55":0,"56":0,"57":0,"58":0,"59":0,"60":0,"61":0,"62":0,"63":0,"64":0,"65":0,"66":0,"67":0,"68":0,"69":0,"70":0,"71":0,"72":0,"73":0,"74":0,"75":0,"76":0,"77":0,"78":0,"79":0,"80":0,"81":0,"82":0,"83":0},"f":{"0":0,"1":0,"2":0,"3":0,"4":0,"5":0,"6":0,"7":0,"8":0,"9":0,"10":0,"11":0,"12":0,"13":0,"14":0,"15":0,"16":0,"17":0,"18":0,"19":0,"20":0,"21":0,"22":0,"23":0},"b":{"0":[0,0],"1":[0,0],"2":[0,0],"3":[0,0],"4":[0,0],"5":[0,0],"6":[0,0],"7":[0,0,0],"8":[0,0],"9":[0,0],"10":[0,0],"11":[0,0],"12":[0,0],"13":[0,0],"14":[0,0],"15":[0,0]},"_coverageSchema":"1a1c01bbd47fc00a2c39e90264f33305004495a9","hash":"56fecafddf1ff7ccd1194fcafa9da079ad940bab"}
,"/Users/cyrille/Documents/Formation/bill-app/Billed-app-FR-Front/src/containers/Login.js": {"path":"/Users/cyrille/Documents/Formation/bill-app/Billed-app-FR-Front/src/containers/Login.js","statementMap":{"0":{"start":{"line":3,"column":31},"end":{"line":3,"column":33}},"1":{"start":{"line":8,"column":4},"end":{"line":8,"column":28}},"2":{"start":{"line":9,"column":4},"end":{"line":9,"column":36}},"3":{"start":{"line":10,"column":4},"end":{"line":10,"column":32}},"4":{"start":{"line":11,"column":4},"end":{"line":11,"column":46}},"5":{"start":{"line":12,"column":4},"end":{"line":12,"column":22}},"6":{"start":{"line":13,"column":25},"end":{"line":13,"column":89}},"7":{"start":{"line":14,"column":4},"end":{"line":14,"column":70}},"8":{"start":{"line":15,"column":22},"end":{"line":15,"column":83}},"9":{"start":{"line":16,"column":4},"end":{"line":16,"column":64}},"10":{"start":{"line":18,"column":25},"end":{"line":38,"column":3}},"11":{"start":{"line":19,"column":4},"end":{"line":19,"column":22}},"12":{"start":{"line":20,"column":17},"end":{"line":25,"column":5}},"13":{"start":{"line":26,"column":4},"end":{"line":26,"column":59}},"14":{"start":{"line":27,"column":4},"end":{"line":36,"column":8}},"15":{"start":{"line":29,"column":17},"end":{"line":29,"column":38}},"16":{"start":{"line":32,"column":8},"end":{"line":32,"column":45}},"17":{"start":{"line":33,"column":8},"end":{"line":33,"column":53}},"18":{"start":{"line":34,"column":8},"end":{"line":34,"column":50}},"19":{"start":{"line":35,"column":8},"end":{"line":35,"column":55}},"20":{"start":{"line":40,"column":22},"end":{"line":61,"column":3}},"21":{"start":{"line":41,"column":4},"end":{"line":41,"column":22}},"22":{"start":{"line":42,"column":17},"end":{"line":49,"column":5}},"23":{"start":{"line":50,"column":4},"end":{"line":50,"column":59}},"24":{"start":{"line":51,"column":4},"end":{"line":60,"column":8}},"25":{"start":{"line":53,"column":17},"end":{"line":53,"column":38}},"26":{"start":{"line":56,"column":8},"end":{"line":56,"column":49}},"27":{"start":{"line":57,"column":8},"end":{"line":57,"column":57}},"28":{"start":{"line":58,"column":8},"end":{"line":58,"column":50}},"29":{"start":{"line":59,"column":8},"end":{"line":59,"column":50}},"30":{"start":{"line":64,"column":10},"end":{"line":76,"column":3}},"31":{"start":{"line":65,"column":4},"end":{"line":75,"column":5}},"32":{"start":{"line":66,"column":6},"end":{"line":72,"column":8}},"33":{"start":{"line":71,"column":8},"end":{"line":71,"column":40}},"34":{"start":{"line":74,"column":6},"end":{"line":74,"column":17}},"35":{"start":{"line":79,"column":15},"end":{"line":96,"column":3}},"36":{"start":{"line":80,"column":4},"end":{"line":95,"column":5}},"37":{"start":{"line":81,"column":6},"end":{"line":92,"column":8}},"38":{"start":{"line":90,"column":8},"end":{"line":90,"column":57}},"39":{"start":{"line":91,"column":8},"end":{"line":91,"column":31}},"40":{"start":{"line":94,"column":6},"end":{"line":94,"column":17}}},"fnMap":{"0":{"name":"(anonymous_0)","decl":{"start":{"line":7,"column":2},"end":{"line":7,"column":3}},"loc":{"start":{"line":7,"column":80},"end":{"line":17,"column":3}},"line":7},"1":{"name":"(anonymous_1)","decl":{"start":{"line":18,"column":25},"end":{"line":18,"column":26}},"loc":{"start":{"line":18,"column":30},"end":{"line":38,"column":3}},"line":18},"2":{"name":"(anonymous_2)","decl":{"start":{"line":29,"column":8},"end":{"line":29,"column":9}},"loc":{"start":{"line":29,"column":17},"end":{"line":29,"column":38}},"line":29},"3":{"name":"(anonymous_3)","decl":{"start":{"line":31,"column":12},"end":{"line":31,"column":13}},"loc":{"start":{"line":31,"column":18},"end":{"line":36,"column":7}},"line":31},"4":{"name":"(anonymous_4)","decl":{"start":{"line":40,"column":22},"end":{"line":40,"column":23}},"loc":{"start":{"line":40,"column":27},"end":{"line":61,"column":3}},"line":40},"5":{"name":"(anonymous_5)","decl":{"start":{"line":53,"column":8},"end":{"line":53,"column":9}},"loc":{"start":{"line":53,"column":17},"end":{"line":53,"column":38}},"line":53},"6":{"name":"(anonymous_6)","decl":{"start":{"line":55,"column":12},"end":{"line":55,"column":13}},"loc":{"start":{"line":55,"column":18},"end":{"line":60,"column":7}},"line":55},"7":{"name":"(anonymous_7)","decl":{"start":{"line":64,"column":10},"end":{"line":64,"column":11}},"loc":{"start":{"line":64,"column":20},"end":{"line":76,"column":3}},"line":64},"8":{"name":"(anonymous_8)","decl":{"start":{"line":70,"column":15},"end":{"line":70,"column":16}},"loc":{"start":{"line":70,"column":26},"end":{"line":72,"column":7}},"line":70},"9":{"name":"(anonymous_9)","decl":{"start":{"line":79,"column":15},"end":{"line":79,"column":16}},"loc":{"start":{"line":79,"column":25},"end":{"line":96,"column":3}},"line":79},"10":{"name":"(anonymous_10)","decl":{"start":{"line":89,"column":12},"end":{"line":89,"column":13}},"loc":{"start":{"line":89,"column":18},"end":{"line":92,"column":7}},"line":89}},"branchMap":{"0":{"loc":{"start":{"line":65,"column":4},"end":{"line":75,"column":5}},"type":"if","locations":[{"start":{"line":65,"column":4},"end":{"line":75,"column":5}},{"start":{"line":65,"column":4},"end":{"line":75,"column":5}}],"line":65},"1":{"loc":{"start":{"line":80,"column":4},"end":{"line":95,"column":5}},"type":"if","locations":[{"start":{"line":80,"column":4},"end":{"line":95,"column":5}},{"start":{"line":80,"column":4},"end":{"line":95,"column":5}}],"line":80}},"s":{"0":0,"1":0,"2":0,"3":0,"4":0,"5":0,"6":0,"7":0,"8":0,"9":0,"10":0,"11":0,"12":0,"13":0,"14":0,"15":0,"16":0,"17":0,"18":0,"19":0,"20":0,"21":0,"22":0,"23":0,"24":0,"25":0,"26":0,"27":0,"28":0,"29":0,"30":0,"31":0,"32":0,"33":0,"34":0,"35":0,"36":0,"37":0,"38":0,"39":0,"40":0},"f":{"0":0,"1":0,"2":0,"3":0,"4":0,"5":0,"6":0,"7":0,"8":0,"9":0,"10":0},"b":{"0":[0,0],"1":[0,0]}}
,"/Users/cyrille/Documents/Formation/bill-app/Billed-app-FR-Front/src/containers/Logout.js": {"path":"/Users/cyrille/Documents/Formation/bill-app/Billed-app-FR-Front/src/containers/Logout.js","statementMap":{"0":{"start":{"line":5,"column":4},"end":{"line":5,"column":28}},"1":{"start":{"line":6,"column":4},"end":{"line":6,"column":32}},"2":{"start":{"line":7,"column":4},"end":{"line":7,"column":36}},"3":{"start":{"line":8,"column":4},"end":{"line":8,"column":51}},"4":{"start":{"line":11,"column":16},"end":{"line":14,"column":3}},"5":{"start":{"line":12,"column":4},"end":{"line":12,"column":29}},"6":{"start":{"line":13,"column":4},"end":{"line":13,"column":41}}},"fnMap":{"0":{"name":"(anonymous_0)","decl":{"start":{"line":4,"column":2},"end":{"line":4,"column":3}},"loc":{"start":{"line":4,"column":54},"end":{"line":9,"column":3}},"line":4},"1":{"name":"(anonymous_1)","decl":{"start":{"line":11,"column":16},"end":{"line":11,"column":17}},"loc":{"start":{"line":11,"column":23},"end":{"line":14,"column":3}},"line":11}},"branchMap":{},"s":{"0":7,"1":7,"2":7,"3":7,"4":7,"5":0,"6":0},"f":{"0":7,"1":0},"b":{},"_coverageSchema":"1a1c01bbd47fc00a2c39e90264f33305004495a9","hash":"d3665df27b390dd71a94e90b555280b6378d48ef"}
,"/Users/cyrille/Documents/Formation/bill-app/Billed-app-FR-Front/src/containers/NewBill.js": {"path":"/Users/cyrille/Documents/Formation/bill-app/Billed-app-FR-Front/src/containers/NewBill.js","statementMap":{"0":{"start":{"line":7,"column":4},"end":{"line":7,"column":28}},"1":{"start":{"line":8,"column":4},"end":{"line":8,"column":32}},"2":{"start":{"line":9,"column":4},"end":{"line":9,"column":22}},"3":{"start":{"line":10,"column":4},"end":{"line":10,"column":24}},"4":{"start":{"line":11,"column":24},"end":{"line":11,"column":88}},"5":{"start":{"line":12,"column":4},"end":{"line":12,"column":61}},"6":{"start":{"line":13,"column":17},"end":{"line":13,"column":73}},"7":{"start":{"line":14,"column":4},"end":{"line":14,"column":58}},"8":{"start":{"line":15,"column":27},"end":{"line":15,"column":66}},"9":{"start":{"line":16,"column":6},"end":{"line":16,"column":89}},"10":{"start":{"line":16,"column":24},"end":{"line":16,"column":89}},"11":{"start":{"line":17,"column":4},"end":{"line":17,"column":23}},"12":{"start":{"line":18,"column":4},"end":{"line":18,"column":24}},"13":{"start":{"line":19,"column":4},"end":{"line":19,"column":22}},"14":{"start":{"line":20,"column":4},"end":{"line":20,"column":54}},"15":{"start":{"line":26,"column":25},"end":{"line":28,"column":3}},"16":{"start":{"line":27,"column":4},"end":{"line":27,"column":41}},"17":{"start":{"line":35,"column":21},"end":{"line":89,"column":3}},"18":{"start":{"line":36,"column":4},"end":{"line":36,"column":25}},"19":{"start":{"line":37,"column":4},"end":{"line":37,"column":22}},"20":{"start":{"line":38,"column":17},"end":{"line":38,"column":82}},"21":{"start":{"line":39,"column":21},"end":{"line":39,"column":48}},"22":{"start":{"line":40,"column":21},"end":{"line":40,"column":48}},"23":{"start":{"line":41,"column":4},"end":{"line":41,"column":26}},"24":{"start":{"line":41,"column":14},"end":{"line":41,"column":26}},"25":{"start":{"line":45,"column":30},"end":{"line":45,"column":54}},"26":{"start":{"line":48,"column":4},"end":{"line":60,"column":5}},"27":{"start":{"line":50,"column":33},"end":{"line":50,"column":100}},"28":{"start":{"line":51,"column":29},"end":{"line":51,"column":56}},"29":{"start":{"line":52,"column":6},"end":{"line":52,"column":118}},"30":{"start":{"line":53,"column":6},"end":{"line":53,"column":58}},"31":{"start":{"line":54,"column":6},"end":{"line":54,"column":47}},"32":{"start":{"line":55,"column":24},"end":{"line":55,"column":80}},"33":{"start":{"line":56,"column":6},"end":{"line":56,"column":44}},"34":{"start":{"line":58,"column":6},"end":{"line":58,"column":25}},"35":{"start":{"line":59,"column":6},"end":{"line":59,"column":18}},"36":{"start":{"line":62,"column":18},"end":{"line":62,"column":64}},"37":{"start":{"line":63,"column":4},"end":{"line":63,"column":34}},"38":{"start":{"line":64,"column":4},"end":{"line":64,"column":38}},"39":{"start":{"line":65,"column":4},"end":{"line":65,"column":40}},"40":{"start":{"line":68,"column":4},"end":{"line":81,"column":43}},"41":{"start":{"line":77,"column":8},"end":{"line":77,"column":26}},"42":{"start":{"line":78,"column":8},"end":{"line":78,"column":31}},"43":{"start":{"line":79,"column":8},"end":{"line":79,"column":33}},"44":{"start":{"line":81,"column":22},"end":{"line":81,"column":42}},"45":{"start":{"line":84,"column":4},"end":{"line":86,"column":5}},"46":{"start":{"line":85,"column":6},"end":{"line":85,"column":94}},"47":{"start":{"line":88,"column":4},"end":{"line":88,"column":105}},"48":{"start":{"line":88,"column":52},"end":{"line":88,"column":104}},"49":{"start":{"line":95,"column":17},"end":{"line":118,"column":3}},"50":{"start":{"line":96,"column":4},"end":{"line":96,"column":22}},"51":{"start":{"line":97,"column":4},"end":{"line":97,"column":147}},"52":{"start":{"line":98,"column":18},"end":{"line":98,"column":64}},"53":{"start":{"line":99,"column":17},"end":{"line":111,"column":5}},"54":{"start":{"line":112,"column":4},"end":{"line":112,"column":30}},"55":{"start":{"line":114,"column":4},"end":{"line":117,"column":27}},"56":{"start":{"line":115,"column":6},"end":{"line":115,"column":27}},"57":{"start":{"line":116,"column":6},"end":{"line":116,"column":17}},"58":{"start":{"line":117,"column":13},"end":{"line":117,"column":25}},"59":{"start":{"line":121,"column":15},"end":{"line":135,"column":3}},"60":{"start":{"line":122,"column":4},"end":{"line":122,"column":25}},"61":{"start":{"line":123,"column":4},"end":{"line":133,"column":5}},"62":{"start":{"line":124,"column":6},"end":{"line":124,"column":27}},"63":{"start":{"line":125,"column":6},"end":{"line":132,"column":43}},"64":{"start":{"line":129,"column":8},"end":{"line":129,"column":29}},"65":{"start":{"line":130,"column":8},"end":{"line":130,"column":45}},"66":{"start":{"line":132,"column":22},"end":{"line":132,"column":42}},"67":{"start":{"line":134,"column":4},"end":{"line":134,"column":15}}},"fnMap":{"0":{"name":"(anonymous_0)","decl":{"start":{"line":6,"column":2},"end":{"line":6,"column":3}},"loc":{"start":{"line":6,"column":61},"end":{"line":21,"column":3}},"line":6},"1":{"name":"(anonymous_1)","decl":{"start":{"line":26,"column":25},"end":{"line":26,"column":26}},"loc":{"start":{"line":26,"column":31},"end":{"line":28,"column":3}},"line":26},"2":{"name":"(anonymous_2)","decl":{"start":{"line":35,"column":21},"end":{"line":35,"column":22}},"loc":{"start":{"line":35,"column":26},"end":{"line":89,"column":3}},"line":35},"3":{"name":"(anonymous_3)","decl":{"start":{"line":76,"column":12},"end":{"line":76,"column":13}},"loc":{"start":{"line":76,"column":34},"end":{"line":80,"column":7}},"line":76},"4":{"name":"(anonymous_4)","decl":{"start":{"line":81,"column":13},"end":{"line":81,"column":14}},"loc":{"start":{"line":81,"column":22},"end":{"line":81,"column":42}},"line":81},"5":{"name":"(anonymous_5)","decl":{"start":{"line":95,"column":17},"end":{"line":95,"column":18}},"loc":{"start":{"line":95,"column":22},"end":{"line":118,"column":3}},"line":95},"6":{"name":"(anonymous_6)","decl":{"start":{"line":121,"column":15},"end":{"line":121,"column":16}},"loc":{"start":{"line":121,"column":25},"end":{"line":135,"column":3}},"line":121},"7":{"name":"(anonymous_7)","decl":{"start":{"line":128,"column":12},"end":{"line":128,"column":13}},"loc":{"start":{"line":128,"column":18},"end":{"line":131,"column":7}},"line":128},"8":{"name":"(anonymous_8)","decl":{"start":{"line":132,"column":13},"end":{"line":132,"column":14}},"loc":{"start":{"line":132,"column":22},"end":{"line":132,"column":42}},"line":132}},"branchMap":{"0":{"loc":{"start":{"line":16,"column":6},"end":{"line":16,"column":89}},"type":"if","locations":[{"start":{"line":16,"column":6},"end":{"line":16,"column":89}},{"start":{"line":16,"column":6},"end":{"line":16,"column":89}}],"line":16},"1":{"loc":{"start":{"line":41,"column":4},"end":{"line":41,"column":26}},"type":"if","locations":[{"start":{"line":41,"column":4},"end":{"line":41,"column":26}},{"start":{"line":41,"column":4},"end":{"line":41,"column":26}}],"line":41},"2":{"loc":{"start":{"line":48,"column":4},"end":{"line":60,"column":5}},"type":"if","locations":[{"start":{"line":48,"column":4},"end":{"line":60,"column":5}},{"start":{"line":48,"column":4},"end":{"line":60,"column":5}}],"line":48},"3":{"loc":{"start":{"line":84,"column":4},"end":{"line":86,"column":5}},"type":"if","locations":[{"start":{"line":84,"column":4},"end":{"line":86,"column":5}},{"start":{"line":84,"column":4},"end":{"line":86,"column":5}}],"line":84},"4":{"loc":{"start":{"line":88,"column":4},"end":{"line":88,"column":105}},"type":"if","locations":[{"start":{"line":88,"column":4},"end":{"line":88,"column":105}},{"start":{"line":88,"column":4},"end":{"line":88,"column":105}}],"line":88},"5":{"loc":{"start":{"line":106,"column":11},"end":{"line":106,"column":83}},"type":"binary-expr","locations":[{"start":{"line":106,"column":11},"end":{"line":106,"column":77}},{"start":{"line":106,"column":81},"end":{"line":106,"column":83}}],"line":106},"6":{"loc":{"start":{"line":114,"column":4},"end":{"line":117,"column":27}},"type":"if","locations":[{"start":{"line":114,"column":4},"end":{"line":117,"column":27}},{"start":{"line":114,"column":4},"end":{"line":117,"column":27}}],"line":114},"7":{"loc":{"start":{"line":123,"column":4},"end":{"line":133,"column":5}},"type":"if","locations":[{"start":{"line":123,"column":4},"end":{"line":133,"column":5}},{"start":{"line":123,"column":4},"end":{"line":133,"column":5}}],"line":123}},"s":{"0":7,"1":7,"2":7,"3":7,"4":7,"5":7,"6":7,"7":7,"8":7,"9":7,"10":7,"11":7,"12":7,"13":7,"14":7,"15":7,"16":1,"17":7,"18":2,"19":2,"20":2,"21":2,"22":2,"23":2,"24":0,"25":2,"26":2,"27":1,"28":1,"29":1,"30":1,"31":1,"32":1,"33":1,"34":1,"35":1,"36":1,"37":1,"38":1,"39":1,"40":1,"41":1,"42":1,"43":1,"44":0,"45":1,"46":0,"47":1,"48":0,"49":7,"50":4,"51":4,"52":4,"53":4,"54":4,"55":4,"56":2,"57":2,"58":2,"59":7,"60":2,"61":2,"62":2,"63":2,"64":2,"65":2,"66":0,"67":2},"f":{"0":7,"1":1,"2":2,"3":1,"4":0,"5":4,"6":2,"7":2,"8":0},"b":{"0":[7,0],"1":[0,2],"2":[1,1],"3":[0,1],"4":[0,1],"5":[4,2],"6":[2,2],"7":[2,0]},"_coverageSchema":"1a1c01bbd47fc00a2c39e90264f33305004495a9","hash":"78c34cfb4878e3fa7e0febe95b5e9283c4e223ea"}
,"/Users/cyrille/Documents/Formation/bill-app/Billed-app-FR-Front/src/views/Actions.js": {"path":"/Users/cyrille/Documents/Formation/bill-app/Billed-app-FR-Front/src/views/Actions.js","statementMap":{"0":{"start":{"line":6,"column":2},"end":{"line":12,"column":3}}},"fnMap":{"0":{"name":"(anonymous_0)","decl":{"start":{"line":4,"column":15},"end":{"line":4,"column":16}},"loc":{"start":{"line":4,"column":28},"end":{"line":13,"column":1}},"line":4}},"branchMap":{"0":{"loc":{"start":{"line":8,"column":21},"end":{"line":8,"column":77}},"type":"cond-expr","locations":[{"start":{"line":8,"column":49},"end":{"line":8,"column":69}},{"start":{"line":8,"column":74},"end":{"line":8,"column":76}}],"line":8}},"s":{"0":0},"f":{"0":0},"b":{"0":[0,0]},"_coverageSchema":"1a1c01bbd47fc00a2c39e90264f33305004495a9","hash":"47f38a0733f3744b94fcce2aebd73099aae457ef"}
,"/Users/cyrille/Documents/Formation/bill-app/Billed-app-FR-Front/src/views/BillsUI.js": {"path":"/Users/cyrille/Documents/Formation/bill-app/Billed-app-FR-Front/src/views/BillsUI.js","statementMap":{"0":{"start":{"line":7,"column":12},"end":{"line":20,"column":3}},"1":{"start":{"line":8,"column":2},"end":{"line":19,"column":6}},"2":{"start":{"line":22,"column":13},"end":{"line":42,"column":1}},"3":{"start":{"line":27,"column":2},"end":{"line":29,"column":3}},"4":{"start":{"line":28,"column":4},"end":{"line":28,"column":13}},"5":{"start":{"line":30,"column":16},"end":{"line":30,"column":48}},"6":{"start":{"line":30,"column":33},"end":{"line":30,"column":47}},"7":{"start":{"line":31,"column":2},"end":{"line":33,"column":3}},"8":{"start":{"line":32,"column":4},"end":{"line":32,"column":13}},"9":{"start":{"line":35,"column":2},"end":{"line":39,"column":5}},"10":{"start":{"line":36,"column":18},"end":{"line":36,"column":41}},"11":{"start":{"line":37,"column":18},"end":{"line":37,"column":41}},"12":{"start":{"line":38,"column":4},"end":{"line":38,"column":42}},"13":{"start":{"line":41,"column":2},"end":{"line":41,"column":46}},"14":{"start":{"line":41,"column":27},"end":{"line":41,"column":36}},"15":{"start":{"line":46,"column":16},"end":{"line":61,"column":4}},"16":{"start":{"line":46,"column":23},"end":{"line":61,"column":3}},"17":{"start":{"line":63,"column":2},"end":{"line":67,"column":3}},"18":{"start":{"line":64,"column":4},"end":{"line":64,"column":24}},"19":{"start":{"line":65,"column":9},"end":{"line":67,"column":3}},"20":{"start":{"line":66,"column":4},"end":{"line":66,"column":27}},"21":{"start":{"line":69,"column":2},"end":{"line":97,"column":3}}},"fnMap":{"0":{"name":"(anonymous_0)","decl":{"start":{"line":7,"column":12},"end":{"line":7,"column":13}},"loc":{"start":{"line":7,"column":22},"end":{"line":20,"column":3}},"line":7},"1":{"name":"(anonymous_1)","decl":{"start":{"line":22,"column":13},"end":{"line":22,"column":14}},"loc":{"start":{"line":22,"column":23},"end":{"line":42,"column":1}},"line":22},"2":{"name":"(anonymous_2)","decl":{"start":{"line":30,"column":28},"end":{"line":30,"column":29}},"loc":{"start":{"line":30,"column":33},"end":{"line":30,"column":47}},"line":30},"3":{"name":"(anonymous_3)","decl":{"start":{"line":35,"column":13},"end":{"line":35,"column":14}},"loc":{"start":{"line":35,"column":23},"end":{"line":39,"column":3}},"line":35},"4":{"name":"(anonymous_4)","decl":{"start":{"line":41,"column":19},"end":{"line":41,"column":20}},"loc":{"start":{"line":41,"column":27},"end":{"line":41,"column":36}},"line":41},"5":{"name":"(anonymous_5)","decl":{"start":{"line":44,"column":15},"end":{"line":44,"column":16}},"loc":{"start":{"line":44,"column":52},"end":{"line":98,"column":1}},"line":44},"6":{"name":"(anonymous_6)","decl":{"start":{"line":46,"column":16},"end":{"line":46,"column":17}},"loc":{"start":{"line":46,"column":23},"end":{"line":61,"column":3}},"line":46}},"branchMap":{"0":{"loc":{"start":{"line":27,"column":2},"end":{"line":29,"column":3}},"type":"if","locations":[{"start":{"line":27,"column":2},"end":{"line":29,"column":3}},{"start":{"line":27,"column":2},"end":{"line":29,"column":3}}],"line":27},"1":{"loc":{"start":{"line":27,"column":5},"end":{"line":27,"column":26}},"type":"binary-expr","locations":[{"start":{"line":27,"column":5},"end":{"line":27,"column":10}},{"start":{"line":27,"column":14},"end":{"line":27,"column":26}}],"line":27},"2":{"loc":{"start":{"line":31,"column":2},"end":{"line":33,"column":3}},"type":"if","locations":[{"start":{"line":31,"column":2},"end":{"line":33,"column":3}},{"start":{"line":31,"column":2},"end":{"line":33,"column":3}}],"line":31},"3":{"loc":{"start":{"line":31,"column":5},"end":{"line":31,"column":28}},"type":"binary-expr","locations":[{"start":{"line":31,"column":5},"end":{"line":31,"column":11}},{"start":{"line":31,"column":15},"end":{"line":31,"column":28}}],"line":31},"4":{"loc":{"start":{"line":36,"column":18},"end":{"line":36,"column":41}},"type":"binary-expr","locations":[{"start":{"line":36,"column":18},"end":{"line":36,"column":31}},{"start":{"line":36,"column":35},"end":{"line":36,"column":41}}],"line":36},"5":{"loc":{"start":{"line":37,"column":18},"end":{"line":37,"column":41}},"type":"binary-expr","locations":[{"start":{"line":37,"column":18},"end":{"line":37,"column":31}},{"start":{"line":37,"column":35},"end":{"line":37,"column":41}}],"line":37},"6":{"loc":{"start":{"line":63,"column":2},"end":{"line":67,"column":3}},"type":"if","locations":[{"start":{"line":63,"column":2},"end":{"line":67,"column":3}},{"start":{"line":63,"column":2},"end":{"line":67,"column":3}}],"line":63},"7":{"loc":{"start":{"line":65,"column":9},"end":{"line":67,"column":3}},"type":"if","locations":[{"start":{"line":65,"column":9},"end":{"line":67,"column":3}},{"start":{"line":65,"column":9},"end":{"line":67,"column":3}}],"line":65}},"s":{"0":1,"1":0,"2":1,"3":3,"4":3,"5":0,"6":0,"7":0,"8":0,"9":0,"10":0,"11":0,"12":0,"13":0,"14":0,"15":3,"16":3,"17":3,"18":0,"19":3,"20":0,"21":3},"f":{"0":0,"1":3,"2":0,"3":0,"4":0,"5":3,"6":3},"b":{"0":[3,0],"1":[3,3],"2":[0,0],"3":[0,0],"4":[0,0],"5":[0,0],"6":[0,3],"7":[0,3]},"_coverageSchema":"1a1c01bbd47fc00a2c39e90264f33305004495a9","hash":"2a076211237a1067da3895abb1d0ce931404143f"}
,"/Users/cyrille/Documents/Formation/bill-app/Billed-app-FR-Front/src/views/DashboardFormUI.js": {"path":"/Users/cyrille/Documents/Formation/bill-app/Billed-app-FR-Front/src/views/DashboardFormUI.js","statementMap":{"0":{"start":{"line":7,"column":21},"end":{"line":22,"column":4}},"1":{"start":{"line":7,"column":28},"end":{"line":22,"column":3}},"2":{"start":{"line":28,"column":2},"end":{"line":103,"column":4}}},"fnMap":{"0":{"name":"(anonymous_0)","decl":{"start":{"line":7,"column":21},"end":{"line":7,"column":22}},"loc":{"start":{"line":7,"column":28},"end":{"line":22,"column":3}},"line":7},"1":{"name":"(anonymous_1)","decl":{"start":{"line":24,"column":15},"end":{"line":24,"column":16}},"loc":{"start":{"line":24,"column":25},"end":{"line":104,"column":1}},"line":24}},"branchMap":{"0":{"loc":{"start":{"line":72,"column":58},"end":{"line":72,"column":113}},"type":"cond-expr","locations":[{"start":{"line":72,"column":86},"end":{"line":72,"column":105}},{"start":{"line":72,"column":110},"end":{"line":72,"column":112}}],"line":72},"1":{"loc":{"start":{"line":73,"column":76},"end":{"line":73,"column":151}},"type":"cond-expr","locations":[{"start":{"line":73,"column":104},"end":{"line":73,"column":132}},{"start":{"line":73,"column":137},"end":{"line":73,"column":150}}],"line":73},"2":{"loc":{"start":{"line":81,"column":9},"end":{"line":91,"column":9}},"type":"cond-expr","locations":[{"start":{"line":81,"column":38},"end":{"line":86,"column":8}},{"start":{"line":86,"column":13},"end":{"line":91,"column":8}}],"line":81},"3":{"loc":{"start":{"line":94,"column":8},"end":{"line":99,"column":13}},"type":"cond-expr","locations":[{"start":{"line":94,"column":37},"end":{"line":99,"column":7}},{"start":{"line":99,"column":11},"end":{"line":99,"column":13}}],"line":94}},"s":{"0":1,"1":0,"2":0},"f":{"0":0,"1":0},"b":{"0":[0,0],"1":[0,0],"2":[0,0],"3":[0,0]},"_coverageSchema":"1a1c01bbd47fc00a2c39e90264f33305004495a9","hash":"d3e0215a708f88e186525b027f5c3f88a3127ada"}
,"/Users/cyrille/Documents/Formation/bill-app/Billed-app-FR-Front/src/views/DashboardUI.js": {"path":"/Users/cyrille/Documents/Formation/bill-app/Billed-app-FR-Front/src/views/DashboardUI.js","statementMap":{"0":{"start":{"line":10,"column":2},"end":{"line":14,"column":3}},"1":{"start":{"line":11,"column":4},"end":{"line":11,"column":24}},"2":{"start":{"line":12,"column":9},"end":{"line":14,"column":3}},"3":{"start":{"line":13,"column":4},"end":{"line":13,"column":27}},"4":{"start":{"line":16,"column":2},"end":{"line":48,"column":3}}},"fnMap":{"0":{"name":"(anonymous_0)","decl":{"start":{"line":8,"column":15},"end":{"line":8,"column":16}},"loc":{"start":{"line":8,"column":45},"end":{"line":49,"column":1}},"line":8}},"branchMap":{"0":{"loc":{"start":{"line":10,"column":2},"end":{"line":14,"column":3}},"type":"if","locations":[{"start":{"line":10,"column":2},"end":{"line":14,"column":3}},{"start":{"line":10,"column":2},"end":{"line":14,"column":3}}],"line":10},"1":{"loc":{"start":{"line":12,"column":9},"end":{"line":14,"column":3}},"type":"if","locations":[{"start":{"line":12,"column":9},"end":{"line":14,"column":3}},{"start":{"line":12,"column":9},"end":{"line":14,"column":3}}],"line":12},"2":{"loc":{"start":{"line":22,"column":45},"end":{"line":22,"column":63}},"type":"binary-expr","locations":[{"start":{"line":22,"column":45},"end":{"line":22,"column":49}},{"start":{"line":22,"column":53},"end":{"line":22,"column":63}}],"line":22},"3":{"loc":{"start":{"line":29,"column":43},"end":{"line":29,"column":61}},"type":"binary-expr","locations":[{"start":{"line":29,"column":43},"end":{"line":29,"column":47}},{"start":{"line":29,"column":51},"end":{"line":29,"column":61}}],"line":29},"4":{"loc":{"start":{"line":36,"column":43},"end":{"line":36,"column":61}},"type":"binary-expr","locations":[{"start":{"line":36,"column":43},"end":{"line":36,"column":47}},{"start":{"line":36,"column":51},"end":{"line":36,"column":61}}],"line":36}},"s":{"0":0,"1":0,"2":0,"3":0,"4":0},"f":{"0":0},"b":{"0":[0,0],"1":[0,0],"2":[0,0],"3":[0,0],"4":[0,0]},"_coverageSchema":"1a1c01bbd47fc00a2c39e90264f33305004495a9","hash":"ac00d5dfb8d5198f6e2a287f8a8182f8a14b022b"}
,"/Users/cyrille/Documents/Formation/bill-app/Billed-app-FR-Front/src/views/ErrorPage.js": {"path":"/Users/cyrille/Documents/Formation/bill-app/Billed-app-FR-Front/src/views/ErrorPage.js","statementMap":{"0":{"start":{"line":4,"column":2},"end":{"line":15,"column":3}}},"fnMap":{"0":{"name":"(anonymous_0)","decl":{"start":{"line":3,"column":15},"end":{"line":3,"column":16}},"loc":{"start":{"line":3,"column":26},"end":{"line":16,"column":1}},"line":3}},"branchMap":{"0":{"loc":{"start":{"line":12,"column":12},"end":{"line":12,"column":30}},"type":"cond-expr","locations":[{"start":{"line":12,"column":20},"end":{"line":12,"column":25}},{"start":{"line":12,"column":28},"end":{"line":12,"column":30}}],"line":12}},"s":{"0":0},"f":{"0":0},"b":{"0":[0,0]},"_coverageSchema":"1a1c01bbd47fc00a2c39e90264f33305004495a9","hash":"c66c3ce6e57a0a78ec533e91d161c2ceb8afe608"}
,"/Users/cyrille/Documents/Formation/bill-app/Billed-app-FR-Front/src/views/LoadingPage.js": {"path":"/Users/cyrille/Documents/Formation/bill-app/Billed-app-FR-Front/src/views/LoadingPage.js","statementMap":{"0":{"start":{"line":5,"column":2},"end":{"line":12,"column":3}}},"fnMap":{"0":{"name":"(anonymous_0)","decl":{"start":{"line":3,"column":15},"end":{"line":3,"column":16}},"loc":{"start":{"line":3,"column":21},"end":{"line":13,"column":1}},"line":3}},"branchMap":{},"s":{"0":0},"f":{"0":0},"b":{},"_coverageSchema":"1a1c01bbd47fc00a2c39e90264f33305004495a9","hash":"133300685a3923ce47e5be90c4a4f1862e337399"}
,"/Users/cyrille/Documents/Formation/bill-app/Billed-app-FR-Front/src/views/LoginUI.js": {"path":"/Users/cyrille/Documents/Formation/bill-app/Billed-app-FR-Front/src/views/LoginUI.js","statementMap":{"0":{"start":{"line":4,"column":2},"end":{"line":46,"column":4}}},"fnMap":{"0":{"name":"(anonymous_0)","decl":{"start":{"line":2,"column":15},"end":{"line":2,"column":16}},"loc":{"start":{"line":2,"column":21},"end":{"line":47,"column":1}},"line":2}},"branchMap":{},"s":{"0":0},"f":{"0":0},"b":{},"_coverageSchema":"1a1c01bbd47fc00a2c39e90264f33305004495a9","hash":"1da56bb01bdd4be8a660a6ad60ca7561985f909d"}
,"/Users/cyrille/Documents/Formation/bill-app/Billed-app-FR-Front/src/views/NewBillUI.js": {"path":"/Users/cyrille/Documents/Formation/bill-app/Billed-app-FR-Front/src/views/NewBillUI.js","statementMap":{"0":{"start":{"line":5,"column":2},"end":{"line":73,"column":4}}},"fnMap":{"0":{"name":"(anonymous_0)","decl":{"start":{"line":3,"column":15},"end":{"line":3,"column":16}},"loc":{"start":{"line":3,"column":21},"end":{"line":74,"column":1}},"line":3}},"branchMap":{},"s":{"0":7},"f":{"0":7},"b":{},"_coverageSchema":"1a1c01bbd47fc00a2c39e90264f33305004495a9","hash":"44199d2839d99413e7259cae918378ece7bda16f"}
,"/Users/cyrille/Documents/Formation/bill-app/Billed-app-FR-Front/src/views/VerticalLayout.js": {"path":"/Users/cyrille/Documents/Formation/bill-app/Billed-app-FR-Front/src/views/VerticalLayout.js","statementMap":{"0":{"start":{"line":7,"column":4},"end":{"line":7,"column":51}},"1":{"start":{"line":8,"column":4},"end":{"line":10,"column":5}},"2":{"start":{"line":9,"column":6},"end":{"line":9,"column":29}},"3":{"start":{"line":11,"column":4},"end":{"line":39,"column":5}},"4":{"start":{"line":12,"column":6},"end":{"line":27,"column":7}},"5":{"start":{"line":29,"column":6},"end":{"line":38,"column":7}}},"fnMap":{"0":{"name":"(anonymous_0)","decl":{"start":{"line":5,"column":15},"end":{"line":5,"column":16}},"loc":{"start":{"line":5,"column":27},"end":{"line":40,"column":1}},"line":5}},"branchMap":{"0":{"loc":{"start":{"line":8,"column":4},"end":{"line":10,"column":5}},"type":"if","locations":[{"start":{"line":8,"column":4},"end":{"line":10,"column":5}},{"start":{"line":8,"column":4},"end":{"line":10,"column":5}}],"line":8},"1":{"loc":{"start":{"line":11,"column":4},"end":{"line":39,"column":5}},"type":"if","locations":[{"start":{"line":11,"column":4},"end":{"line":39,"column":5}},{"start":{"line":11,"column":4},"end":{"line":39,"column":5}}],"line":11},"2":{"loc":{"start":{"line":11,"column":8},"end":{"line":11,"column":40}},"type":"binary-expr","locations":[{"start":{"line":11,"column":8},"end":{"line":11,"column":12}},{"start":{"line":11,"column":16},"end":{"line":11,"column":40}}],"line":11}},"s":{"0":10,"1":10,"2":10,"3":10,"4":10,"5":0},"f":{"0":10},"b":{"0":[10,0],"1":[10,0],"2":[10,10]},"_coverageSchema":"1a1c01bbd47fc00a2c39e90264f33305004495a9","hash":"fb269062d771a4134e57c6f88dd7f5b3e4e04298"}
}
