{"/Users/cyrille/Documents/Formation/bill-app/Billed-app-FR-Front/src/constants/routes.js": {"path":"/Users/cyrille/Documents/Formation/bill-app/Billed-app-FR-Front/src/constants/routes.js","statementMap":{"0":{"start":{"line":6,"column":27},"end":{"line":11,"column":1}},"1":{"start":{"line":13,"column":22},"end":{"line":26,"column":1}},"2":{"start":{"line":14,"column":2},"end":{"line":25,"column":3}},"3":{"start":{"line":16,"column":6},"end":{"line":16,"column":46}},"4":{"start":{"line":18,"column":6},"end":{"line":18,"column":46}},"5":{"start":{"line":20,"column":6},"end":{"line":20,"column":24}},"6":{"start":{"line":22,"column":6},"end":{"line":22,"column":50}},"7":{"start":{"line":24,"column":6},"end":{"line":24,"column":46}}},"fnMap":{"0":{"name":"(anonymous_0)","decl":{"start":{"line":13,"column":22},"end":{"line":13,"column":23}},"loc":{"start":{"line":13,"column":62},"end":{"line":26,"column":1}},"line":13}},"branchMap":{"0":{"loc":{"start":{"line":14,"column":2},"end":{"line":25,"column":3}},"type":"switch","locations":[{"start":{"line":15,"column":4},"end":{"line":16,"column":46}},{"start":{"line":17,"column":4},"end":{"line":18,"column":46}},{"start":{"line":19,"column":4},"end":{"line":20,"column":24}},{"start":{"line":21,"column":4},"end":{"line":22,"column":50}},{"start":{"line":23,"column":4},"end":{"line":24,"column":46}}],"line":14}},"s":{"0":6,"1":6,"2":29,"3":7,"4":8,"5":1,"6":12,"7":1},"f":{"0":29},"b":{"0":[7,8,1,12,1]},"_coverageSchema":"1a1c01bbd47fc00a2c39e90264f33305004495a9","hash":"7173da116c5ff9459e7cd5a80f575afa9f871775"}
,"/Users/cyrille/Documents/Formation/bill-app/Billed-app-FR-Front/src/constants/usersTest.js": {"path":"/Users/cyrille/Documents/Formation/bill-app/Billed-app-FR-Front/src/constants/usersTest.js","statementMap":{},"fnMap":{},"branchMap":{},"s":{},"f":{},"b":{},"_coverageSchema":"1a1c01bbd47fc00a2c39e90264f33305004495a9","hash":"333036646b53c00e5c002b8e4f23fa7e21d4e4d4"}
,"/Users/cyrille/Documents/Formation/bill-app/Billed-app-FR-Front/src/containers/Bills.js": {"path":"/Users/cyrille/Documents/Formation/bill-app/Billed-app-FR-Front/src/containers/Bills.js","statementMap":{"0":{"start":{"line":7,"column":4},"end":{"line":7,"column":28}},"1":{"start":{"line":8,"column":4},"end":{"line":8,"column":32}},"2":{"start":{"line":9,"column":4},"end":{"line":9,"column":22}},"3":{"start":{"line":10,"column":26},"end":{"line":10,"column":86}},"4":{"start":{"line":11,"column":23},"end":{"line":11,"column":62}},"5":{"start":{"line":12,"column":4},"end":{"line":12,"column":87}},"6":{"start":{"line":12,"column":23},"end":{"line":12,"column":87}},"7":{"start":{"line":13,"column":4},"end":{"line":13,"column":81}},"8":{"start":{"line":13,"column":20},"end":{"line":13,"column":81}},"9":{"start":{"line":14,"column":20},"end":{"line":14,"column":76}},"10":{"start":{"line":15,"column":4},"end":{"line":17,"column":6}},"11":{"start":{"line":15,"column":17},"end":{"line":17,"column":6}},"12":{"start":{"line":16,"column":6},"end":{"line":16,"column":73}},"13":{"start":{"line":16,"column":43},"end":{"line":16,"column":72}},"14":{"start":{"line":18,"column":4},"end":{"line":18,"column":54}},"15":{"start":{"line":22,"column":23},"end":{"line":24,"column":3}},"16":{"start":{"line":23,"column":4},"end":{"line":23,"column":43}},"17":{"start":{"line":26,"column":23},"end":{"line":36,"column":3}},"18":{"start":{"line":27,"column":20},"end":{"line":27,"column":54}},"19":{"start":{"line":28,"column":21},"end":{"line":28,"column":63}},"20":{"start":{"line":29,"column":4},"end":{"line":35,"column":5}},"21":{"start":{"line":30,"column":6},"end":{"line":30,"column":152}},"22":{"start":{"line":31,"column":6},"end":{"line":31,"column":36}},"23":{"start":{"line":33,"column":6},"end":{"line":33,"column":170}},"24":{"start":{"line":34,"column":6},"end":{"line":34,"column":36}},"25":{"start":{"line":38,"column":13},"end":{"line":69,"column":3}},"26":{"start":{"line":39,"column":4},"end":{"line":68,"column":5}},"27":{"start":{"line":40,"column":6},"end":{"line":67,"column":8}},"28":{"start":{"line":44,"column":22},"end":{"line":64,"column":12}},"29":{"start":{"line":46,"column":12},"end":{"line":63,"column":13}},"30":{"start":{"line":47,"column":14},"end":{"line":52,"column":15}},"31":{"start":{"line":56,"column":14},"end":{"line":56,"column":38}},"32":{"start":{"line":57,"column":14},"end":{"line":62,"column":15}},"33":{"start":{"line":65,"column":10},"end":{"line":65,"column":45}},"34":{"start":{"line":66,"column":8},"end":{"line":66,"column":20}}},"fnMap":{"0":{"name":"(anonymous_0)","decl":{"start":{"line":6,"column":2},"end":{"line":6,"column":3}},"loc":{"start":{"line":6,"column":61},"end":{"line":19,"column":3}},"line":6},"1":{"name":"(anonymous_1)","decl":{"start":{"line":15,"column":33},"end":{"line":15,"column":34}},"loc":{"start":{"line":15,"column":41},"end":{"line":17,"column":5}},"line":15},"2":{"name":"(anonymous_2)","decl":{"start":{"line":16,"column":37},"end":{"line":16,"column":38}},"loc":{"start":{"line":16,"column":43},"end":{"line":16,"column":72}},"line":16},"3":{"name":"(anonymous_3)","decl":{"start":{"line":22,"column":23},"end":{"line":22,"column":24}},"loc":{"start":{"line":22,"column":29},"end":{"line":24,"column":3}},"line":22},"4":{"name":"(anonymous_4)","decl":{"start":{"line":26,"column":23},"end":{"line":26,"column":24}},"loc":{"start":{"line":26,"column":33},"end":{"line":36,"column":3}},"line":26},"5":{"name":"(anonymous_5)","decl":{"start":{"line":38,"column":13},"end":{"line":38,"column":14}},"loc":{"start":{"line":38,"column":19},"end":{"line":69,"column":3}},"line":38},"6":{"name":"(anonymous_6)","decl":{"start":{"line":43,"column":12},"end":{"line":43,"column":13}},"loc":{"start":{"line":43,"column":24},"end":{"line":67,"column":7}},"line":43},"7":{"name":"(anonymous_7)","decl":{"start":{"line":45,"column":15},"end":{"line":45,"column":16}},"loc":{"start":{"line":45,"column":22},"end":{"line":64,"column":11}},"line":45}},"branchMap":{"0":{"loc":{"start":{"line":12,"column":4},"end":{"line":12,"column":87}},"type":"if","locations":[{"start":{"line":12,"column":4},"end":{"line":12,"column":87}},{"start":{"line":12,"column":4},"end":{"line":12,"column":87}}],"line":12},"1":{"loc":{"start":{"line":13,"column":4},"end":{"line":13,"column":81}},"type":"if","locations":[{"start":{"line":13,"column":4},"end":{"line":13,"column":81}},{"start":{"line":13,"column":4},"end":{"line":13,"column":81}}],"line":13},"2":{"loc":{"start":{"line":15,"column":4},"end":{"line":17,"column":6}},"type":"if","locations":[{"start":{"line":15,"column":4},"end":{"line":17,"column":6}},{"start":{"line":15,"column":4},"end":{"line":17,"column":6}}],"line":15},"3":{"loc":{"start":{"line":29,"column":4},"end":{"line":35,"column":5}},"type":"if","locations":[{"start":{"line":29,"column":4},"end":{"line":35,"column":5}},{"start":{"line":29,"column":4},"end":{"line":35,"column":5}}],"line":29},"4":{"loc":{"start":{"line":39,"column":4},"end":{"line":68,"column":5}},"type":"if","locations":[{"start":{"line":39,"column":4},"end":{"line":68,"column":5}},{"start":{"line":39,"column":4},"end":{"line":68,"column":5}}],"line":39}},"s":{"0":1,"1":1,"2":1,"3":1,"4":1,"5":1,"6":0,"7":1,"8":1,"9":1,"10":1,"11":1,"12":0,"13":0,"14":1,"15":1,"16":0,"17":1,"18":0,"19":0,"20":0,"21":0,"22":0,"23":0,"24":0,"25":1,"26":1,"27":1,"28":0,"29":0,"30":0,"31":0,"32":0,"33":0,"34":0},"f":{"0":1,"1":0,"2":0,"3":0,"4":0,"5":1,"6":0,"7":0},"b":{"0":[0,1],"1":[1,0],"2":[1,0],"3":[0,0],"4":[1,0]},"_coverageSchema":"1a1c01bbd47fc00a2c39e90264f33305004495a9","hash":"d56eeefb47e66d47e7ade3bea7e5a8b8433809e1"}
,"/Users/cyrille/Documents/Formation/bill-app/Billed-app-FR-Front/src/containers/Dashboard.js": {"path":"/Users/cyrille/Documents/Formation/bill-app/Billed-app-FR-Front/src/containers/Dashboard.js","statementMap":{"0":{"start":{"line":8,"column":29},"end":{"line":28,"column":1}},"1":{"start":{"line":9,"column":2},"end":{"line":27,"column":11}},"2":{"start":{"line":14,"column":6},"end":{"line":24,"column":7}},"3":{"start":{"line":15,"column":8},"end":{"line":15,"column":50}},"4":{"start":{"line":26,"column":6},"end":{"line":26,"column":28}},"5":{"start":{"line":30,"column":20},"end":{"line":53,"column":1}},"6":{"start":{"line":31,"column":28},"end":{"line":31,"column":52}},"7":{"start":{"line":32,"column":20},"end":{"line":33,"column":40}},"8":{"start":{"line":34,"column":19},"end":{"line":35,"column":53}},"9":{"start":{"line":37,"column":2},"end":{"line":52,"column":4}},"10":{"start":{"line":55,"column":21},"end":{"line":57,"column":1}},"11":{"start":{"line":56,"column":2},"end":{"line":56,"column":76}},"12":{"start":{"line":56,"column":51},"end":{"line":56,"column":61}},"13":{"start":{"line":59,"column":25},"end":{"line":68,"column":1}},"14":{"start":{"line":60,"column":2},"end":{"line":67,"column":3}},"15":{"start":{"line":62,"column":6},"end":{"line":62,"column":22}},"16":{"start":{"line":64,"column":6},"end":{"line":64,"column":23}},"17":{"start":{"line":66,"column":6},"end":{"line":66,"column":22}},"18":{"start":{"line":72,"column":4},"end":{"line":72,"column":28}},"19":{"start":{"line":73,"column":4},"end":{"line":73,"column":32}},"20":{"start":{"line":74,"column":4},"end":{"line":74,"column":22}},"21":{"start":{"line":75,"column":4},"end":{"line":75,"column":43}},"22":{"start":{"line":76,"column":4},"end":{"line":76,"column":28}},"23":{"start":{"line":77,"column":4},"end":{"line":77,"column":71}},"24":{"start":{"line":77,"column":35},"end":{"line":77,"column":70}},"25":{"start":{"line":78,"column":4},"end":{"line":78,"column":71}},"26":{"start":{"line":78,"column":35},"end":{"line":78,"column":70}},"27":{"start":{"line":79,"column":4},"end":{"line":79,"column":71}},"28":{"start":{"line":79,"column":35},"end":{"line":79,"column":70}},"29":{"start":{"line":80,"column":4},"end":{"line":80,"column":44}},"30":{"start":{"line":83,"column":23},"end":{"line":94,"column":3}},"31":{"start":{"line":84,"column":20},"end":{"line":84,"column":58}},"32":{"start":{"line":85,"column":21},"end":{"line":85,"column":69}},"33":{"start":{"line":87,"column":4},"end":{"line":93,"column":5}},"34":{"start":{"line":88,"column":6},"end":{"line":88,"column":146}},"35":{"start":{"line":89,"column":6},"end":{"line":89,"column":98}},"36":{"start":{"line":89,"column":62},"end":{"line":89,"column":98}},"37":{"start":{"line":91,"column":6},"end":{"line":91,"column":129}},"38":{"start":{"line":92,"column":6},"end":{"line":92,"column":98}},"39":{"start":{"line":92,"column":62},"end":{"line":92,"column":98}},"40":{"start":{"line":99,"column":4},"end":{"line":120,"column":5}},"41":{"start":{"line":101,"column":6},"end":{"line":103,"column":8}},"42":{"start":{"line":102,"column":8},"end":{"line":102,"column":61}},"43":{"start":{"line":104,"column":6},"end":{"line":104,"column":62}},"44":{"start":{"line":105,"column":6},"end":{"line":105,"column":69}},"45":{"start":{"line":106,"column":8},"end":{"line":106,"column":54}},"46":{"start":{"line":107,"column":8},"end":{"line":107,"column":55}},"47":{"start":{"line":108,"column":8},"end":{"line":108,"column":76}},"48":{"start":{"line":108,"column":43},"end":{"line":108,"column":75}},"49":{"start":{"line":109,"column":8},"end":{"line":109,"column":76}},"50":{"start":{"line":109,"column":43},"end":{"line":109,"column":75}},"51":{"start":{"line":110,"column":6},"end":{"line":110,"column":29}},"52":{"start":{"line":114,"column":6},"end":{"line":114,"column":62}},"53":{"start":{"line":115,"column":6},"end":{"line":117,"column":8}},"54":{"start":{"line":118,"column":6},"end":{"line":118,"column":52}},"55":{"start":{"line":119,"column":6},"end":{"line":119,"column":29}},"56":{"start":{"line":123,"column":23},"end":{"line":131,"column":3}},"57":{"start":{"line":124,"column":20},"end":{"line":128,"column":5}},"58":{"start":{"line":129,"column":4},"end":{"line":129,"column":28}},"59":{"start":{"line":130,"column":4},"end":{"line":130,"column":45}},"60":{"start":{"line":133,"column":23},"end":{"line":141,"column":3}},"61":{"start":{"line":134,"column":20},"end":{"line":138,"column":5}},"62":{"start":{"line":139,"column":4},"end":{"line":139,"column":28}},"63":{"start":{"line":140,"column":4},"end":{"line":140,"column":45}},"64":{"start":{"line":146,"column":4},"end":{"line":146,"column":76}},"65":{"start":{"line":146,"column":58},"end":{"line":146,"column":76}},"66":{"start":{"line":148,"column":4},"end":{"line":156,"column":5}},"67":{"start":{"line":149,"column":6},"end":{"line":149,"column":69}},"68":{"start":{"line":150,"column":6},"end":{"line":150,"column":104}},"69":{"start":{"line":151,"column":6},"end":{"line":151,"column":44}},"70":{"start":{"line":153,"column":6},"end":{"line":153,"column":70}},"71":{"start":{"line":154,"column":6},"end":{"line":154,"column":56}},"72":{"start":{"line":155,"column":6},"end":{"line":155,"column":45}},"73":{"start":{"line":158,"column":4},"end":{"line":160,"column":6}},"74":{"start":{"line":159,"column":6},"end":{"line":159,"column":83}},"75":{"start":{"line":159,"column":45},"end":{"line":159,"column":82}},"76":{"start":{"line":161,"column":4},"end":{"line":161,"column":16}},"77":{"start":{"line":164,"column":21},"end":{"line":183,"column":3}},"78":{"start":{"line":165,"column":4},"end":{"line":182,"column":5}},"79":{"start":{"line":166,"column":6},"end":{"line":181,"column":8}},"80":{"start":{"line":170,"column":22},"end":{"line":176,"column":11}},"81":{"start":{"line":171,"column":21},"end":{"line":176,"column":9}},"82":{"start":{"line":177,"column":8},"end":{"line":177,"column":20}},"83":{"start":{"line":180,"column":8},"end":{"line":180,"column":20}}},"fnMap":{"0":{"name":"(anonymous_0)","decl":{"start":{"line":8,"column":29},"end":{"line":8,"column":30}},"loc":{"start":{"line":8,"column":47},"end":{"line":28,"column":1}},"line":8},"1":{"name":"(anonymous_1)","decl":{"start":{"line":10,"column":16},"end":{"line":10,"column":17}},"loc":{"start":{"line":10,"column":24},"end":{"line":27,"column":5}},"line":10},"2":{"name":"(anonymous_2)","decl":{"start":{"line":30,"column":20},"end":{"line":30,"column":21}},"loc":{"start":{"line":30,"column":30},"end":{"line":53,"column":1}},"line":30},"3":{"name":"(anonymous_3)","decl":{"start":{"line":55,"column":21},"end":{"line":55,"column":22}},"loc":{"start":{"line":55,"column":32},"end":{"line":57,"column":1}},"line":55},"4":{"name":"(anonymous_4)","decl":{"start":{"line":56,"column":43},"end":{"line":56,"column":44}},"loc":{"start":{"line":56,"column":51},"end":{"line":56,"column":61}},"line":56},"5":{"name":"(anonymous_5)","decl":{"start":{"line":59,"column":25},"end":{"line":59,"column":26}},"loc":{"start":{"line":59,"column":36},"end":{"line":68,"column":1}},"line":59},"6":{"name":"(anonymous_6)","decl":{"start":{"line":71,"column":2},"end":{"line":71,"column":3}},"loc":{"start":{"line":71,"column":68},"end":{"line":81,"column":3}},"line":71},"7":{"name":"(anonymous_7)","decl":{"start":{"line":77,"column":28},"end":{"line":77,"column":29}},"loc":{"start":{"line":77,"column":35},"end":{"line":77,"column":70}},"line":77},"8":{"name":"(anonymous_8)","decl":{"start":{"line":78,"column":28},"end":{"line":78,"column":29}},"loc":{"start":{"line":78,"column":35},"end":{"line":78,"column":70}},"line":78},"9":{"name":"(anonymous_9)","decl":{"start":{"line":79,"column":28},"end":{"line":79,"column":29}},"loc":{"start":{"line":79,"column":35},"end":{"line":79,"column":70}},"line":79},"10":{"name":"(anonymous_10)","decl":{"start":{"line":83,"column":23},"end":{"line":83,"column":24}},"loc":{"start":{"line":83,"column":29},"end":{"line":94,"column":3}},"line":83},"11":{"name":"(anonymous_11)","decl":{"start":{"line":96,"column":2},"end":{"line":96,"column":3}},"loc":{"start":{"line":96,"column":35},"end":{"line":121,"column":3}},"line":96},"12":{"name":"(anonymous_12)","decl":{"start":{"line":101,"column":20},"end":{"line":101,"column":21}},"loc":{"start":{"line":101,"column":25},"end":{"line":103,"column":7}},"line":101},"13":{"name":"(anonymous_13)","decl":{"start":{"line":108,"column":36},"end":{"line":108,"column":37}},"loc":{"start":{"line":108,"column":43},"end":{"line":108,"column":75}},"line":108},"14":{"name":"(anonymous_14)","decl":{"start":{"line":109,"column":36},"end":{"line":109,"column":37}},"loc":{"start":{"line":109,"column":43},"end":{"line":109,"column":75}},"line":109},"15":{"name":"(anonymous_15)","decl":{"start":{"line":123,"column":23},"end":{"line":123,"column":24}},"loc":{"start":{"line":123,"column":36},"end":{"line":131,"column":3}},"line":123},"16":{"name":"(anonymous_16)","decl":{"start":{"line":133,"column":23},"end":{"line":133,"column":24}},"loc":{"start":{"line":133,"column":36},"end":{"line":141,"column":3}},"line":133},"17":{"name":"(anonymous_17)","decl":{"start":{"line":144,"column":2},"end":{"line":144,"column":3}},"loc":{"start":{"line":144,"column":37},"end":{"line":162,"column":3}},"line":144},"18":{"name":"(anonymous_18)","decl":{"start":{"line":158,"column":18},"end":{"line":158,"column":19}},"loc":{"start":{"line":158,"column":26},"end":{"line":160,"column":5}},"line":158},"19":{"name":"(anonymous_19)","decl":{"start":{"line":159,"column":38},"end":{"line":159,"column":39}},"loc":{"start":{"line":159,"column":45},"end":{"line":159,"column":82}},"line":159},"20":{"name":"(anonymous_20)","decl":{"start":{"line":164,"column":21},"end":{"line":164,"column":22}},"loc":{"start":{"line":164,"column":27},"end":{"line":183,"column":3}},"line":164},"21":{"name":"(anonymous_21)","decl":{"start":{"line":169,"column":12},"end":{"line":169,"column":13}},"loc":{"start":{"line":169,"column":24},"end":{"line":178,"column":7}},"line":169},"22":{"name":"(anonymous_22)","decl":{"start":{"line":171,"column":13},"end":{"line":171,"column":14}},"loc":{"start":{"line":171,"column":21},"end":{"line":176,"column":9}},"line":171},"23":{"name":"(anonymous_23)","decl":{"start":{"line":179,"column":13},"end":{"line":179,"column":14}},"loc":{"start":{"line":179,"column":22},"end":{"line":181,"column":7}},"line":179}},"branchMap":{"0":{"loc":{"start":{"line":9,"column":9},"end":{"line":27,"column":11}},"type":"cond-expr","locations":[{"start":{"line":10,"column":4},"end":{"line":27,"column":6}},{"start":{"line":27,"column":9},"end":{"line":27,"column":11}}],"line":9},"1":{"loc":{"start":{"line":9,"column":10},"end":{"line":9,"column":29}},"type":"binary-expr","locations":[{"start":{"line":9,"column":10},"end":{"line":9,"column":14}},{"start":{"line":9,"column":18},"end":{"line":9,"column":29}}],"line":9},"2":{"loc":{"start":{"line":14,"column":6},"end":{"line":24,"column":7}},"type":"if","locations":[{"start":{"line":14,"column":6},"end":{"line":24,"column":7}},{"start":{"line":14,"column":6},"end":{"line":24,"column":7}}],"line":14},"3":{"loc":{"start":{"line":32,"column":20},"end":{"line":33,"column":40}},"type":"cond-expr","locations":[{"start":{"line":33,"column":4},"end":{"line":33,"column":35}},{"start":{"line":33,"column":38},"end":{"line":33,"column":40}}],"line":32},"4":{"loc":{"start":{"line":34,"column":19},"end":{"line":35,"column":53}},"type":"cond-expr","locations":[{"start":{"line":35,"column":2},"end":{"line":35,"column":33}},{"start":{"line":35,"column":36},"end":{"line":35,"column":53}}],"line":34},"5":{"loc":{"start":{"line":56,"column":9},"end":{"line":56,"column":76}},"type":"cond-expr","locations":[{"start":{"line":56,"column":33},"end":{"line":56,"column":71}},{"start":{"line":56,"column":74},"end":{"line":56,"column":76}}],"line":56},"6":{"loc":{"start":{"line":56,"column":9},"end":{"line":56,"column":30}},"type":"binary-expr","locations":[{"start":{"line":56,"column":9},"end":{"line":56,"column":14}},{"start":{"line":56,"column":18},"end":{"line":56,"column":30}}],"line":56},"7":{"loc":{"start":{"line":60,"column":2},"end":{"line":67,"column":3}},"type":"switch","locations":[{"start":{"line":61,"column":4},"end":{"line":62,"column":22}},{"start":{"line":63,"column":4},"end":{"line":64,"column":23}},{"start":{"line":65,"column":4},"end":{"line":66,"column":22}}],"line":60},"8":{"loc":{"start":{"line":87,"column":4},"end":{"line":93,"column":5}},"type":"if","locations":[{"start":{"line":87,"column":4},"end":{"line":93,"column":5}},{"start":{"line":87,"column":4},"end":{"line":93,"column":5}}],"line":87},"9":{"loc":{"start":{"line":89,"column":6},"end":{"line":89,"column":98}},"type":"if","locations":[{"start":{"line":89,"column":6},"end":{"line":89,"column":98}},{"start":{"line":89,"column":6},"end":{"line":89,"column":98}}],"line":89},"10":{"loc":{"start":{"line":92,"column":6},"end":{"line":92,"column":98}},"type":"if","locations":[{"start":{"line":92,"column":6},"end":{"line":92,"column":98}},{"start":{"line":92,"column":6},"end":{"line":92,"column":98}}],"line":92},"11":{"loc":{"start":{"line":99,"column":4},"end":{"line":120,"column":5}},"type":"if","locations":[{"start":{"line":99,"column":4},"end":{"line":120,"column":5}},{"start":{"line":99,"column":4},"end":{"line":120,"column":5}}],"line":99},"12":{"loc":{"start":{"line":146,"column":4},"end":{"line":146,"column":76}},"type":"if","locations":[{"start":{"line":146,"column":4},"end":{"line":146,"column":76}},{"start":{"line":146,"column":4},"end":{"line":146,"column":76}}],"line":146},"13":{"loc":{"start":{"line":146,"column":8},"end":{"line":146,"column":56}},"type":"binary-expr","locations":[{"start":{"line":146,"column":8},"end":{"line":146,"column":32}},{"start":{"line":146,"column":36},"end":{"line":146,"column":56}}],"line":146},"14":{"loc":{"start":{"line":148,"column":4},"end":{"line":156,"column":5}},"type":"if","locations":[{"start":{"line":148,"column":4},"end":{"line":156,"column":5}},{"start":{"line":148,"column":4},"end":{"line":156,"column":5}}],"line":148},"15":{"loc":{"start":{"line":165,"column":4},"end":{"line":182,"column":5}},"type":"if","locations":[{"start":{"line":165,"column":4},"end":{"line":182,"column":5}},{"start":{"line":165,"column":4},"end":{"line":182,"column":5}}],"line":165}},"s":{"0":6,"1":44,"2":104,"3":104,"4":104,"5":6,"6":6,"7":6,"8":6,"9":6,"10":6,"11":6,"12":6,"13":6,"14":5,"15":3,"16":1,"17":1,"18":14,"19":14,"20":14,"21":14,"22":14,"23":14,"24":0,"25":14,"26":0,"27":14,"28":0,"29":14,"30":14,"31":1,"32":1,"33":1,"34":1,"35":1,"36":0,"37":0,"38":0,"39":0,"40":3,"41":2,"42":8,"43":2,"44":2,"45":2,"46":2,"47":2,"48":0,"49":2,"50":0,"51":2,"52":1,"53":1,"54":1,"55":1,"56":14,"57":1,"58":1,"59":1,"60":14,"61":1,"62":1,"63":1,"64":5,"65":5,"66":5,"67":5,"68":5,"69":5,"70":0,"71":0,"72":0,"73":5,"74":20,"75":3,"76":5,"77":14,"78":5,"79":5,"80":3,"81":12,"82":3,"83":2},"f":{"0":44,"1":104,"2":6,"3":6,"4":6,"5":5,"6":14,"7":0,"8":0,"9":0,"10":1,"11":3,"12":8,"13":0,"14":0,"15":1,"16":1,"17":5,"18":20,"19":3,"20":5,"21":3,"22":12,"23":2},"b":{"0":[26,18],"1":[44,26],"2":[104,0],"3":[0,6],"4":[0,6],"5":[5,1],"6":[6,6],"7":[3,1,1],"8":[1,0],"9":[0,1],"10":[0,0],"11":[2,1],"12":[5,0],"13":[5,2],"14":[5,0],"15":[5,0]},"_coverageSchema":"1a1c01bbd47fc00a2c39e90264f33305004495a9","hash":"56fecafddf1ff7ccd1194fcafa9da079ad940bab"}
,"/Users/cyrille/Documents/Formation/bill-app/Billed-app-FR-Front/src/containers/Login.js": {"path":"/Users/cyrille/Documents/Formation/bill-app/Billed-app-FR-Front/src/containers/Login.js","statementMap":{"0":{"start":{"line":3,"column":31},"end":{"line":3,"column":33}},"1":{"start":{"line":8,"column":4},"end":{"line":8,"column":28}},"2":{"start":{"line":9,"column":4},"end":{"line":9,"column":36}},"3":{"start":{"line":10,"column":4},"end":{"line":10,"column":32}},"4":{"start":{"line":11,"column":4},"end":{"line":11,"column":46}},"5":{"start":{"line":12,"column":4},"end":{"line":12,"column":22}},"6":{"start":{"line":13,"column":25},"end":{"line":13,"column":89}},"7":{"start":{"line":14,"column":4},"end":{"line":14,"column":70}},"8":{"start":{"line":15,"column":22},"end":{"line":15,"column":83}},"9":{"start":{"line":16,"column":4},"end":{"line":16,"column":64}},"10":{"start":{"line":18,"column":25},"end":{"line":38,"column":3}},"11":{"start":{"line":19,"column":4},"end":{"line":19,"column":22}},"12":{"start":{"line":20,"column":17},"end":{"line":25,"column":5}},"13":{"start":{"line":26,"column":4},"end":{"line":26,"column":59}},"14":{"start":{"line":27,"column":4},"end":{"line":36,"column":8}},"15":{"start":{"line":29,"column":17},"end":{"line":29,"column":38}},"16":{"start":{"line":32,"column":8},"end":{"line":32,"column":45}},"17":{"start":{"line":33,"column":8},"end":{"line":33,"column":53}},"18":{"start":{"line":34,"column":8},"end":{"line":34,"column":50}},"19":{"start":{"line":35,"column":8},"end":{"line":35,"column":55}},"20":{"start":{"line":40,"column":22},"end":{"line":61,"column":3}},"21":{"start":{"line":41,"column":4},"end":{"line":41,"column":22}},"22":{"start":{"line":42,"column":17},"end":{"line":49,"column":5}},"23":{"start":{"line":50,"column":4},"end":{"line":50,"column":59}},"24":{"start":{"line":51,"column":4},"end":{"line":60,"column":8}},"25":{"start":{"line":53,"column":17},"end":{"line":53,"column":38}},"26":{"start":{"line":56,"column":8},"end":{"line":56,"column":49}},"27":{"start":{"line":57,"column":8},"end":{"line":57,"column":57}},"28":{"start":{"line":58,"column":8},"end":{"line":58,"column":50}},"29":{"start":{"line":59,"column":8},"end":{"line":59,"column":50}},"30":{"start":{"line":64,"column":10},"end":{"line":76,"column":3}},"31":{"start":{"line":65,"column":4},"end":{"line":75,"column":5}},"32":{"start":{"line":66,"column":6},"end":{"line":72,"column":8}},"33":{"start":{"line":71,"column":8},"end":{"line":71,"column":40}},"34":{"start":{"line":74,"column":6},"end":{"line":74,"column":17}},"35":{"start":{"line":79,"column":15},"end":{"line":96,"column":3}},"36":{"start":{"line":80,"column":4},"end":{"line":95,"column":5}},"37":{"start":{"line":81,"column":6},"end":{"line":92,"column":8}},"38":{"start":{"line":90,"column":8},"end":{"line":90,"column":57}},"39":{"start":{"line":91,"column":8},"end":{"line":91,"column":31}},"40":{"start":{"line":94,"column":6},"end":{"line":94,"column":17}}},"fnMap":{"0":{"name":"(anonymous_0)","decl":{"start":{"line":7,"column":2},"end":{"line":7,"column":3}},"loc":{"start":{"line":7,"column":80},"end":{"line":17,"column":3}},"line":7},"1":{"name":"(anonymous_1)","decl":{"start":{"line":18,"column":25},"end":{"line":18,"column":26}},"loc":{"start":{"line":18,"column":30},"end":{"line":38,"column":3}},"line":18},"2":{"name":"(anonymous_2)","decl":{"start":{"line":29,"column":8},"end":{"line":29,"column":9}},"loc":{"start":{"line":29,"column":17},"end":{"line":29,"column":38}},"line":29},"3":{"name":"(anonymous_3)","decl":{"start":{"line":31,"column":12},"end":{"line":31,"column":13}},"loc":{"start":{"line":31,"column":18},"end":{"line":36,"column":7}},"line":31},"4":{"name":"(anonymous_4)","decl":{"start":{"line":40,"column":22},"end":{"line":40,"column":23}},"loc":{"start":{"line":40,"column":27},"end":{"line":61,"column":3}},"line":40},"5":{"name":"(anonymous_5)","decl":{"start":{"line":53,"column":8},"end":{"line":53,"column":9}},"loc":{"start":{"line":53,"column":17},"end":{"line":53,"column":38}},"line":53},"6":{"name":"(anonymous_6)","decl":{"start":{"line":55,"column":12},"end":{"line":55,"column":13}},"loc":{"start":{"line":55,"column":18},"end":{"line":60,"column":7}},"line":55},"7":{"name":"(anonymous_7)","decl":{"start":{"line":64,"column":10},"end":{"line":64,"column":11}},"loc":{"start":{"line":64,"column":20},"end":{"line":76,"column":3}},"line":64},"8":{"name":"(anonymous_8)","decl":{"start":{"line":70,"column":15},"end":{"line":70,"column":16}},"loc":{"start":{"line":70,"column":26},"end":{"line":72,"column":7}},"line":70},"9":{"name":"(anonymous_9)","decl":{"start":{"line":79,"column":15},"end":{"line":79,"column":16}},"loc":{"start":{"line":79,"column":25},"end":{"line":96,"column":3}},"line":79},"10":{"name":"(anonymous_10)","decl":{"start":{"line":89,"column":12},"end":{"line":89,"column":13}},"loc":{"start":{"line":89,"column":18},"end":{"line":92,"column":7}},"line":89}},"branchMap":{"0":{"loc":{"start":{"line":65,"column":4},"end":{"line":75,"column":5}},"type":"if","locations":[{"start":{"line":65,"column":4},"end":{"line":75,"column":5}},{"start":{"line":65,"column":4},"end":{"line":75,"column":5}}],"line":65},"1":{"loc":{"start":{"line":80,"column":4},"end":{"line":95,"column":5}},"type":"if","locations":[{"start":{"line":80,"column":4},"end":{"line":95,"column":5}},{"start":{"line":80,"column":4},"end":{"line":95,"column":5}}],"line":80}},"s":{"0":3,"1":4,"2":4,"3":4,"4":4,"5":4,"6":4,"7":4,"8":4,"9":4,"10":4,"11":2,"12":2,"13":2,"14":2,"15":0,"16":2,"17":2,"18":2,"19":2,"20":4,"21":2,"22":2,"23":2,"24":2,"25":0,"26":2,"27":2,"28":2,"29":2,"30":4,"31":0,"32":0,"33":0,"34":0,"35":4,"36":0,"37":0,"38":0,"39":0,"40":0},"f":{"0":4,"1":2,"2":0,"3":2,"4":2,"5":0,"6":2,"7":0,"8":0,"9":0,"10":0},"b":{"0":[0,0],"1":[0,0]},"_coverageSchema":"1a1c01bbd47fc00a2c39e90264f33305004495a9","hash":"f117cf40cafe29ce46b20ed26862e5bf68f05368"}
,"/Users/cyrille/Documents/Formation/bill-app/Billed-app-FR-Front/src/containers/Logout.js": {"path":"/Users/cyrille/Documents/Formation/bill-app/Billed-app-FR-Front/src/containers/Logout.js","statementMap":{"0":{"start":{"line":5,"column":4},"end":{"line":5,"column":28}},"1":{"start":{"line":6,"column":4},"end":{"line":6,"column":32}},"2":{"start":{"line":7,"column":4},"end":{"line":7,"column":36}},"3":{"start":{"line":8,"column":4},"end":{"line":8,"column":51}},"4":{"start":{"line":11,"column":16},"end":{"line":14,"column":3}},"5":{"start":{"line":12,"column":4},"end":{"line":12,"column":29}},"6":{"start":{"line":13,"column":4},"end":{"line":13,"column":41}}},"fnMap":{"0":{"name":"(anonymous_0)","decl":{"start":{"line":4,"column":2},"end":{"line":4,"column":3}},"loc":{"start":{"line":4,"column":54},"end":{"line":9,"column":3}},"line":4},"1":{"name":"(anonymous_1)","decl":{"start":{"line":11,"column":16},"end":{"line":11,"column":17}},"loc":{"start":{"line":11,"column":23},"end":{"line":14,"column":3}},"line":11}},"branchMap":{},"s":{"0":20,"1":20,"2":20,"3":20,"4":20,"5":2,"6":2},"f":{"0":20,"1":2},"b":{},"_coverageSchema":"1a1c01bbd47fc00a2c39e90264f33305004495a9","hash":"d3665df27b390dd71a94e90b555280b6378d48ef"}
,"/Users/cyrille/Documents/Formation/bill-app/Billed-app-FR-Front/src/containers/NewBill.js": {"path":"/Users/cyrille/Documents/Formation/bill-app/Billed-app-FR-Front/src/containers/NewBill.js","statementMap":{"0":{"start":{"line":6,"column":4},"end":{"line":6,"column":28}},"1":{"start":{"line":7,"column":4},"end":{"line":7,"column":32}},"2":{"start":{"line":8,"column":4},"end":{"line":8,"column":22}},"3":{"start":{"line":9,"column":24},"end":{"line":9,"column":88}},"4":{"start":{"line":10,"column":4},"end":{"line":10,"column":61}},"5":{"start":{"line":11,"column":17},"end":{"line":11,"column":73}},"6":{"start":{"line":12,"column":4},"end":{"line":12,"column":58}},"7":{"start":{"line":13,"column":27},"end":{"line":13,"column":66}},"8":{"start":{"line":14,"column":6},"end":{"line":14,"column":89}},"9":{"start":{"line":14,"column":24},"end":{"line":14,"column":89}},"10":{"start":{"line":15,"column":4},"end":{"line":15,"column":23}},"11":{"start":{"line":16,"column":4},"end":{"line":16,"column":24}},"12":{"start":{"line":17,"column":4},"end":{"line":17,"column":22}},"13":{"start":{"line":18,"column":4},"end":{"line":18,"column":54}},"14":{"start":{"line":24,"column":25},"end":{"line":26,"column":3}},"15":{"start":{"line":25,"column":4},"end":{"line":25,"column":41}},"16":{"start":{"line":29,"column":21},"end":{"line":60,"column":3}},"17":{"start":{"line":30,"column":4},"end":{"line":30,"column":22}},"18":{"start":{"line":31,"column":17},"end":{"line":31,"column":82}},"19":{"start":{"line":32,"column":4},"end":{"line":32,"column":26}},"20":{"start":{"line":32,"column":14},"end":{"line":32,"column":26}},"21":{"start":{"line":35,"column":30},"end":{"line":35,"column":68}},"22":{"start":{"line":37,"column":4},"end":{"line":59,"column":5}},"23":{"start":{"line":38,"column":23},"end":{"line":38,"column":37}},"24":{"start":{"line":39,"column":20},"end":{"line":39,"column":66}},"25":{"start":{"line":40,"column":6},"end":{"line":40,"column":35}},"26":{"start":{"line":41,"column":6},"end":{"line":41,"column":37}},"27":{"start":{"line":43,"column":6},"end":{"line":45,"column":7}},"28":{"start":{"line":44,"column":8},"end":{"line":44,"column":96}},"29":{"start":{"line":46,"column":6},"end":{"line":46,"column":107}},"30":{"start":{"line":46,"column":54},"end":{"line":46,"column":106}},"31":{"start":{"line":49,"column":33},"end":{"line":49,"column":100}},"32":{"start":{"line":50,"column":29},"end":{"line":50,"column":56}},"33":{"start":{"line":51,"column":6},"end":{"line":51,"column":118}},"34":{"start":{"line":52,"column":6},"end":{"line":52,"column":58}},"35":{"start":{"line":53,"column":6},"end":{"line":53,"column":47}},"36":{"start":{"line":54,"column":24},"end":{"line":54,"column":80}},"37":{"start":{"line":55,"column":6},"end":{"line":55,"column":44}},"38":{"start":{"line":57,"column":6},"end":{"line":57,"column":25}},"39":{"start":{"line":58,"column":6},"end":{"line":58,"column":18}},"40":{"start":{"line":66,"column":17},"end":{"line":100,"column":3}},"41":{"start":{"line":67,"column":4},"end":{"line":67,"column":22}},"42":{"start":{"line":68,"column":4},"end":{"line":68,"column":147}},"43":{"start":{"line":69,"column":18},"end":{"line":69,"column":64}},"44":{"start":{"line":84,"column":17},"end":{"line":96,"column":5}},"45":{"start":{"line":97,"column":4},"end":{"line":97,"column":25}},"46":{"start":{"line":98,"column":4},"end":{"line":98,"column":41}},"47":{"start":{"line":99,"column":4},"end":{"line":99,"column":16}},"48":{"start":{"line":103,"column":15},"end":{"line":113,"column":3}},"49":{"start":{"line":104,"column":4},"end":{"line":112,"column":5}},"50":{"start":{"line":105,"column":6},"end":{"line":111,"column":43}},"51":{"start":{"line":109,"column":8},"end":{"line":109,"column":45}},"52":{"start":{"line":111,"column":22},"end":{"line":111,"column":42}}},"fnMap":{"0":{"name":"(anonymous_0)","decl":{"start":{"line":5,"column":2},"end":{"line":5,"column":3}},"loc":{"start":{"line":5,"column":61},"end":{"line":19,"column":3}},"line":5},"1":{"name":"(anonymous_1)","decl":{"start":{"line":24,"column":25},"end":{"line":24,"column":26}},"loc":{"start":{"line":24,"column":31},"end":{"line":26,"column":3}},"line":24},"2":{"name":"(anonymous_2)","decl":{"start":{"line":29,"column":21},"end":{"line":29,"column":22}},"loc":{"start":{"line":29,"column":26},"end":{"line":60,"column":3}},"line":29},"3":{"name":"(anonymous_3)","decl":{"start":{"line":66,"column":17},"end":{"line":66,"column":18}},"loc":{"start":{"line":66,"column":22},"end":{"line":100,"column":3}},"line":66},"4":{"name":"(anonymous_4)","decl":{"start":{"line":103,"column":15},"end":{"line":103,"column":16}},"loc":{"start":{"line":103,"column":25},"end":{"line":113,"column":3}},"line":103},"5":{"name":"(anonymous_5)","decl":{"start":{"line":108,"column":12},"end":{"line":108,"column":13}},"loc":{"start":{"line":108,"column":18},"end":{"line":110,"column":7}},"line":108},"6":{"name":"(anonymous_6)","decl":{"start":{"line":111,"column":13},"end":{"line":111,"column":14}},"loc":{"start":{"line":111,"column":22},"end":{"line":111,"column":42}},"line":111}},"branchMap":{"0":{"loc":{"start":{"line":14,"column":6},"end":{"line":14,"column":89}},"type":"if","locations":[{"start":{"line":14,"column":6},"end":{"line":14,"column":89}},{"start":{"line":14,"column":6},"end":{"line":14,"column":89}}],"line":14},"1":{"loc":{"start":{"line":32,"column":4},"end":{"line":32,"column":26}},"type":"if","locations":[{"start":{"line":32,"column":4},"end":{"line":32,"column":26}},{"start":{"line":32,"column":4},"end":{"line":32,"column":26}}],"line":32},"2":{"loc":{"start":{"line":37,"column":4},"end":{"line":59,"column":5}},"type":"if","locations":[{"start":{"line":37,"column":4},"end":{"line":59,"column":5}},{"start":{"line":37,"column":4},"end":{"line":59,"column":5}}],"line":37},"3":{"loc":{"start":{"line":43,"column":6},"end":{"line":45,"column":7}},"type":"if","locations":[{"start":{"line":43,"column":6},"end":{"line":45,"column":7}},{"start":{"line":43,"column":6},"end":{"line":45,"column":7}}],"line":43},"4":{"loc":{"start":{"line":46,"column":6},"end":{"line":46,"column":107}},"type":"if","locations":[{"start":{"line":46,"column":6},"end":{"line":46,"column":107}},{"start":{"line":46,"column":6},"end":{"line":46,"column":107}}],"line":46},"5":{"loc":{"start":{"line":91,"column":11},"end":{"line":91,"column":83}},"type":"binary-expr","locations":[{"start":{"line":91,"column":11},"end":{"line":91,"column":77}},{"start":{"line":91,"column":81},"end":{"line":91,"column":83}}],"line":91},"6":{"loc":{"start":{"line":104,"column":4},"end":{"line":112,"column":5}},"type":"if","locations":[{"start":{"line":104,"column":4},"end":{"line":112,"column":5}},{"start":{"line":104,"column":4},"end":{"line":112,"column":5}}],"line":104}},"s":{"0":4,"1":4,"2":4,"3":4,"4":4,"5":4,"6":4,"7":4,"8":4,"9":4,"10":4,"11":4,"12":4,"13":4,"14":4,"15":1,"16":4,"17":2,"18":2,"19":2,"20":0,"21":2,"22":2,"23":1,"24":1,"25":1,"26":1,"27":1,"28":0,"29":1,"30":0,"31":1,"32":1,"33":1,"34":1,"35":1,"36":1,"37":1,"38":1,"39":1,"40":4,"41":2,"42":2,"43":2,"44":2,"45":2,"46":2,"47":2,"48":4,"49":2,"50":0,"51":0,"52":0},"f":{"0":4,"1":1,"2":2,"3":2,"4":2,"5":0,"6":0},"b":{"0":[4,0],"1":[0,2],"2":[1,1],"3":[0,1],"4":[0,1],"5":[2,2],"6":[0,2]},"_coverageSchema":"1a1c01bbd47fc00a2c39e90264f33305004495a9","hash":"a56d9e1efe9921bfaee026ed699be8ad0940f9a8"}
,"/Users/cyrille/Documents/Formation/bill-app/Billed-app-FR-Front/src/views/Actions.js": {"path":"/Users/cyrille/Documents/Formation/bill-app/Billed-app-FR-Front/src/views/Actions.js","statementMap":{"0":{"start":{"line":6,"column":2},"end":{"line":12,"column":3}}},"fnMap":{"0":{"name":"(anonymous_0)","decl":{"start":{"line":4,"column":15},"end":{"line":4,"column":16}},"loc":{"start":{"line":4,"column":28},"end":{"line":13,"column":1}},"line":4}},"branchMap":{"0":{"loc":{"start":{"line":8,"column":21},"end":{"line":8,"column":77}},"type":"cond-expr","locations":[{"start":{"line":8,"column":49},"end":{"line":8,"column":69}},{"start":{"line":8,"column":74},"end":{"line":8,"column":76}}],"line":8}},"s":{"0":6},"f":{"0":6},"b":{"0":[0,6]},"_coverageSchema":"1a1c01bbd47fc00a2c39e90264f33305004495a9","hash":"47f38a0733f3744b94fcce2aebd73099aae457ef"}
,"/Users/cyrille/Documents/Formation/bill-app/Billed-app-FR-Front/src/views/BillsUI.js": {"path":"/Users/cyrille/Documents/Formation/bill-app/Billed-app-FR-Front/src/views/BillsUI.js","statementMap":{"0":{"start":{"line":7,"column":12},"end":{"line":20,"column":3}},"1":{"start":{"line":8,"column":2},"end":{"line":19,"column":6}},"2":{"start":{"line":22,"column":13},"end":{"line":42,"column":1}},"3":{"start":{"line":27,"column":2},"end":{"line":29,"column":3}},"4":{"start":{"line":28,"column":4},"end":{"line":28,"column":13}},"5":{"start":{"line":30,"column":16},"end":{"line":30,"column":48}},"6":{"start":{"line":30,"column":33},"end":{"line":30,"column":47}},"7":{"start":{"line":31,"column":2},"end":{"line":33,"column":3}},"8":{"start":{"line":32,"column":4},"end":{"line":32,"column":13}},"9":{"start":{"line":35,"column":2},"end":{"line":39,"column":5}},"10":{"start":{"line":36,"column":18},"end":{"line":36,"column":41}},"11":{"start":{"line":37,"column":18},"end":{"line":37,"column":41}},"12":{"start":{"line":38,"column":4},"end":{"line":38,"column":42}},"13":{"start":{"line":41,"column":2},"end":{"line":41,"column":46}},"14":{"start":{"line":41,"column":27},"end":{"line":41,"column":36}},"15":{"start":{"line":46,"column":16},"end":{"line":61,"column":4}},"16":{"start":{"line":46,"column":23},"end":{"line":61,"column":3}},"17":{"start":{"line":63,"column":2},"end":{"line":67,"column":3}},"18":{"start":{"line":64,"column":4},"end":{"line":64,"column":24}},"19":{"start":{"line":65,"column":9},"end":{"line":67,"column":3}},"20":{"start":{"line":66,"column":4},"end":{"line":66,"column":27}},"21":{"start":{"line":69,"column":2},"end":{"line":97,"column":3}}},"fnMap":{"0":{"name":"(anonymous_0)","decl":{"start":{"line":7,"column":12},"end":{"line":7,"column":13}},"loc":{"start":{"line":7,"column":22},"end":{"line":20,"column":3}},"line":7},"1":{"name":"(anonymous_1)","decl":{"start":{"line":22,"column":13},"end":{"line":22,"column":14}},"loc":{"start":{"line":22,"column":23},"end":{"line":42,"column":1}},"line":22},"2":{"name":"(anonymous_2)","decl":{"start":{"line":30,"column":28},"end":{"line":30,"column":29}},"loc":{"start":{"line":30,"column":33},"end":{"line":30,"column":47}},"line":30},"3":{"name":"(anonymous_3)","decl":{"start":{"line":35,"column":13},"end":{"line":35,"column":14}},"loc":{"start":{"line":35,"column":23},"end":{"line":39,"column":3}},"line":35},"4":{"name":"(anonymous_4)","decl":{"start":{"line":41,"column":19},"end":{"line":41,"column":20}},"loc":{"start":{"line":41,"column":27},"end":{"line":41,"column":36}},"line":41},"5":{"name":"(anonymous_5)","decl":{"start":{"line":44,"column":15},"end":{"line":44,"column":16}},"loc":{"start":{"line":44,"column":52},"end":{"line":98,"column":1}},"line":44},"6":{"name":"(anonymous_6)","decl":{"start":{"line":46,"column":16},"end":{"line":46,"column":17}},"loc":{"start":{"line":46,"column":23},"end":{"line":61,"column":3}},"line":46}},"branchMap":{"0":{"loc":{"start":{"line":27,"column":2},"end":{"line":29,"column":3}},"type":"if","locations":[{"start":{"line":27,"column":2},"end":{"line":29,"column":3}},{"start":{"line":27,"column":2},"end":{"line":29,"column":3}}],"line":27},"1":{"loc":{"start":{"line":27,"column":5},"end":{"line":27,"column":26}},"type":"binary-expr","locations":[{"start":{"line":27,"column":5},"end":{"line":27,"column":10}},{"start":{"line":27,"column":14},"end":{"line":27,"column":26}}],"line":27},"2":{"loc":{"start":{"line":31,"column":2},"end":{"line":33,"column":3}},"type":"if","locations":[{"start":{"line":31,"column":2},"end":{"line":33,"column":3}},{"start":{"line":31,"column":2},"end":{"line":33,"column":3}}],"line":31},"3":{"loc":{"start":{"line":31,"column":5},"end":{"line":31,"column":28}},"type":"binary-expr","locations":[{"start":{"line":31,"column":5},"end":{"line":31,"column":11}},{"start":{"line":31,"column":15},"end":{"line":31,"column":28}}],"line":31},"4":{"loc":{"start":{"line":36,"column":18},"end":{"line":36,"column":41}},"type":"binary-expr","locations":[{"start":{"line":36,"column":18},"end":{"line":36,"column":31}},{"start":{"line":36,"column":35},"end":{"line":36,"column":41}}],"line":36},"5":{"loc":{"start":{"line":37,"column":18},"end":{"line":37,"column":41}},"type":"binary-expr","locations":[{"start":{"line":37,"column":18},"end":{"line":37,"column":31}},{"start":{"line":37,"column":35},"end":{"line":37,"column":41}}],"line":37},"6":{"loc":{"start":{"line":63,"column":2},"end":{"line":67,"column":3}},"type":"if","locations":[{"start":{"line":63,"column":2},"end":{"line":67,"column":3}},{"start":{"line":63,"column":2},"end":{"line":67,"column":3}}],"line":63},"7":{"loc":{"start":{"line":65,"column":9},"end":{"line":67,"column":3}},"type":"if","locations":[{"start":{"line":65,"column":9},"end":{"line":67,"column":3}},{"start":{"line":65,"column":9},"end":{"line":67,"column":3}}],"line":65}},"s":{"0":6,"1":4,"2":6,"3":7,"4":6,"5":1,"6":4,"7":1,"8":0,"9":1,"10":6,"11":6,"12":6,"13":1,"14":4,"15":9,"16":7,"17":9,"18":1,"19":8,"20":1,"21":7},"f":{"0":4,"1":7,"2":4,"3":6,"4":4,"5":9,"6":7},"b":{"0":[6,1],"1":[7,2],"2":[0,1],"3":[1,1],"4":[6,6],"5":[6,6],"6":[1,8],"7":[1,7]},"_coverageSchema":"1a1c01bbd47fc00a2c39e90264f33305004495a9","hash":"2a076211237a1067da3895abb1d0ce931404143f"}
,"/Users/cyrille/Documents/Formation/bill-app/Billed-app-FR-Front/src/views/DashboardFormUI.js": {"path":"/Users/cyrille/Documents/Formation/bill-app/Billed-app-FR-Front/src/views/DashboardFormUI.js","statementMap":{"0":{"start":{"line":7,"column":21},"end":{"line":22,"column":4}},"1":{"start":{"line":7,"column":28},"end":{"line":22,"column":3}},"2":{"start":{"line":28,"column":2},"end":{"line":103,"column":4}}},"fnMap":{"0":{"name":"(anonymous_0)","decl":{"start":{"line":7,"column":21},"end":{"line":7,"column":22}},"loc":{"start":{"line":7,"column":28},"end":{"line":22,"column":3}},"line":7},"1":{"name":"(anonymous_1)","decl":{"start":{"line":24,"column":15},"end":{"line":24,"column":16}},"loc":{"start":{"line":24,"column":25},"end":{"line":104,"column":1}},"line":24}},"branchMap":{"0":{"loc":{"start":{"line":72,"column":58},"end":{"line":72,"column":113}},"type":"cond-expr","locations":[{"start":{"line":72,"column":86},"end":{"line":72,"column":105}},{"start":{"line":72,"column":110},"end":{"line":72,"column":112}}],"line":72},"1":{"loc":{"start":{"line":73,"column":76},"end":{"line":73,"column":151}},"type":"cond-expr","locations":[{"start":{"line":73,"column":104},"end":{"line":73,"column":132}},{"start":{"line":73,"column":137},"end":{"line":73,"column":150}}],"line":73},"2":{"loc":{"start":{"line":81,"column":9},"end":{"line":91,"column":9}},"type":"cond-expr","locations":[{"start":{"line":81,"column":38},"end":{"line":86,"column":8}},{"start":{"line":86,"column":13},"end":{"line":91,"column":8}}],"line":81},"3":{"loc":{"start":{"line":94,"column":8},"end":{"line":99,"column":13}},"type":"cond-expr","locations":[{"start":{"line":94,"column":37},"end":{"line":99,"column":7}},{"start":{"line":99,"column":11},"end":{"line":99,"column":13}}],"line":94}},"s":{"0":7,"1":12,"2":12},"f":{"0":12,"1":12},"b":{"0":[0,12],"1":[0,12],"2":[6,6],"3":[6,6]},"_coverageSchema":"1a1c01bbd47fc00a2c39e90264f33305004495a9","hash":"d3e0215a708f88e186525b027f5c3f88a3127ada"}
,"/Users/cyrille/Documents/Formation/bill-app/Billed-app-FR-Front/src/views/DashboardUI.js": {"path":"/Users/cyrille/Documents/Formation/bill-app/Billed-app-FR-Front/src/views/DashboardUI.js","statementMap":{"0":{"start":{"line":10,"column":2},"end":{"line":14,"column":3}},"1":{"start":{"line":11,"column":4},"end":{"line":11,"column":24}},"2":{"start":{"line":12,"column":9},"end":{"line":14,"column":3}},"3":{"start":{"line":13,"column":4},"end":{"line":13,"column":27}},"4":{"start":{"line":16,"column":2},"end":{"line":48,"column":3}}},"fnMap":{"0":{"name":"(anonymous_0)","decl":{"start":{"line":8,"column":15},"end":{"line":8,"column":16}},"loc":{"start":{"line":8,"column":45},"end":{"line":49,"column":1}},"line":8}},"branchMap":{"0":{"loc":{"start":{"line":10,"column":2},"end":{"line":14,"column":3}},"type":"if","locations":[{"start":{"line":10,"column":2},"end":{"line":14,"column":3}},{"start":{"line":10,"column":2},"end":{"line":14,"column":3}}],"line":10},"1":{"loc":{"start":{"line":12,"column":9},"end":{"line":14,"column":3}},"type":"if","locations":[{"start":{"line":12,"column":9},"end":{"line":14,"column":3}},{"start":{"line":12,"column":9},"end":{"line":14,"column":3}}],"line":12},"2":{"loc":{"start":{"line":22,"column":45},"end":{"line":22,"column":63}},"type":"binary-expr","locations":[{"start":{"line":22,"column":45},"end":{"line":22,"column":49}},{"start":{"line":22,"column":53},"end":{"line":22,"column":63}}],"line":22},"3":{"loc":{"start":{"line":29,"column":43},"end":{"line":29,"column":61}},"type":"binary-expr","locations":[{"start":{"line":29,"column":43},"end":{"line":29,"column":47}},{"start":{"line":29,"column":51},"end":{"line":29,"column":61}}],"line":29},"4":{"loc":{"start":{"line":36,"column":43},"end":{"line":36,"column":61}},"type":"binary-expr","locations":[{"start":{"line":36,"column":43},"end":{"line":36,"column":47}},{"start":{"line":36,"column":51},"end":{"line":36,"column":61}}],"line":36}},"s":{"0":21,"1":6,"2":15,"3":3,"4":12},"f":{"0":21},"b":{"0":[6,15],"1":[3,12],"2":[12,7],"3":[12,7],"4":[12,7]},"_coverageSchema":"1a1c01bbd47fc00a2c39e90264f33305004495a9","hash":"ac00d5dfb8d5198f6e2a287f8a8182f8a14b022b"}
,"/Users/cyrille/Documents/Formation/bill-app/Billed-app-FR-Front/src/views/ErrorPage.js": {"path":"/Users/cyrille/Documents/Formation/bill-app/Billed-app-FR-Front/src/views/ErrorPage.js","statementMap":{"0":{"start":{"line":4,"column":2},"end":{"line":15,"column":3}}},"fnMap":{"0":{"name":"(anonymous_0)","decl":{"start":{"line":3,"column":15},"end":{"line":3,"column":16}},"loc":{"start":{"line":3,"column":26},"end":{"line":16,"column":1}},"line":3}},"branchMap":{"0":{"loc":{"start":{"line":12,"column":12},"end":{"line":12,"column":30}},"type":"cond-expr","locations":[{"start":{"line":12,"column":20},"end":{"line":12,"column":25}},{"start":{"line":12,"column":28},"end":{"line":12,"column":30}}],"line":12}},"s":{"0":6},"f":{"0":6},"b":{"0":[5,1]},"_coverageSchema":"1a1c01bbd47fc00a2c39e90264f33305004495a9","hash":"c66c3ce6e57a0a78ec533e91d161c2ceb8afe608"}
,"/Users/cyrille/Documents/Formation/bill-app/Billed-app-FR-Front/src/views/LoadingPage.js": {"path":"/Users/cyrille/Documents/Formation/bill-app/Billed-app-FR-Front/src/views/LoadingPage.js","statementMap":{"0":{"start":{"line":5,"column":2},"end":{"line":12,"column":3}}},"fnMap":{"0":{"name":"(anonymous_0)","decl":{"start":{"line":3,"column":15},"end":{"line":3,"column":16}},"loc":{"start":{"line":3,"column":21},"end":{"line":13,"column":1}},"line":3}},"branchMap":{},"s":{"0":8},"f":{"0":8},"b":{},"_coverageSchema":"1a1c01bbd47fc00a2c39e90264f33305004495a9","hash":"133300685a3923ce47e5be90c4a4f1862e337399"}
,"/Users/cyrille/Documents/Formation/bill-app/Billed-app-FR-Front/src/views/LoginUI.js": {"path":"/Users/cyrille/Documents/Formation/bill-app/Billed-app-FR-Front/src/views/LoginUI.js","statementMap":{"0":{"start":{"line":4,"column":2},"end":{"line":46,"column":4}}},"fnMap":{"0":{"name":"(anonymous_0)","decl":{"start":{"line":2,"column":15},"end":{"line":2,"column":16}},"loc":{"start":{"line":2,"column":21},"end":{"line":47,"column":1}},"line":2}},"branchMap":{},"s":{"0":14},"f":{"0":14},"b":{},"_coverageSchema":"1a1c01bbd47fc00a2c39e90264f33305004495a9","hash":"1da56bb01bdd4be8a660a6ad60ca7561985f909d"}
,"/Users/cyrille/Documents/Formation/bill-app/Billed-app-FR-Front/src/views/NewBillUI.js": {"path":"/Users/cyrille/Documents/Formation/bill-app/Billed-app-FR-Front/src/views/NewBillUI.js","statementMap":{"0":{"start":{"line":5,"column":2},"end":{"line":73,"column":4}}},"fnMap":{"0":{"name":"(anonymous_0)","decl":{"start":{"line":3,"column":15},"end":{"line":3,"column":16}},"loc":{"start":{"line":3,"column":21},"end":{"line":74,"column":1}},"line":3}},"branchMap":{},"s":{"0":6},"f":{"0":6},"b":{},"_coverageSchema":"1a1c01bbd47fc00a2c39e90264f33305004495a9","hash":"44199d2839d99413e7259cae918378ece7bda16f"}
,"/Users/cyrille/Documents/Formation/bill-app/Billed-app-FR-Front/src/views/VerticalLayout.js": {"path":"/Users/cyrille/Documents/Formation/bill-app/Billed-app-FR-Front/src/views/VerticalLayout.js","statementMap":{"0":{"start":{"line":7,"column":4},"end":{"line":7,"column":51}},"1":{"start":{"line":8,"column":4},"end":{"line":10,"column":5}},"2":{"start":{"line":9,"column":6},"end":{"line":9,"column":29}},"3":{"start":{"line":11,"column":4},"end":{"line":39,"column":5}},"4":{"start":{"line":12,"column":6},"end":{"line":27,"column":7}},"5":{"start":{"line":29,"column":6},"end":{"line":38,"column":7}}},"fnMap":{"0":{"name":"(anonymous_0)","decl":{"start":{"line":5,"column":15},"end":{"line":5,"column":16}},"loc":{"start":{"line":5,"column":27},"end":{"line":40,"column":1}},"line":5}},"branchMap":{"0":{"loc":{"start":{"line":8,"column":4},"end":{"line":10,"column":5}},"type":"if","locations":[{"start":{"line":8,"column":4},"end":{"line":10,"column":5}},{"start":{"line":8,"column":4},"end":{"line":10,"column":5}}],"line":8},"1":{"loc":{"start":{"line":11,"column":4},"end":{"line":39,"column":5}},"type":"if","locations":[{"start":{"line":11,"column":4},"end":{"line":39,"column":5}},{"start":{"line":11,"column":4},"end":{"line":39,"column":5}}],"line":11},"2":{"loc":{"start":{"line":11,"column":8},"end":{"line":11,"column":40}},"type":"binary-expr","locations":[{"start":{"line":11,"column":8},"end":{"line":11,"column":12}},{"start":{"line":11,"column":16},"end":{"line":11,"column":40}}],"line":11}},"s":{"0":40,"1":40,"2":28,"3":40,"4":12,"5":28},"f":{"0":40},"b":{"0":[28,12],"1":[12,28],"2":[40,28]},"_coverageSchema":"1a1c01bbd47fc00a2c39e90264f33305004495a9","hash":"fb269062d771a4134e57c6f88dd7f5b3e4e04298"}
}
