TN:
SF:src/constants/routes.js
FN:13,(anonymous_0)
FNF:1
FNH:1
FNDA:26,(anonymous_0)
DA:6,6
DA:13,6
DA:14,26
DA:16,7
DA:18,5
DA:20,1
DA:22,12
DA:24,1
LF:8
LH:8
BRDA:14,0,0,7
BRDA:14,0,1,5
BRDA:14,0,2,1
BRDA:14,0,3,12
BRDA:14,0,4,1
BRF:5
BRH:5
end_of_record
TN:
SF:src/constants/usersTest.js
FNF:0
FNH:0
LF:0
LH:0
BRF:0
BRH:0
end_of_record
TN:
SF:src/containers/Bills.js
FN:6,(anonymous_0)
FN:15,(anonymous_1)
FN:16,(anonymous_2)
FN:22,(anonymous_3)
FN:26,(anonymous_4)
FN:38,(anonymous_5)
FN:43,(anonymous_6)
FN:45,(anonymous_7)
FNF:8
FNH:2
FNDA:1,(anonymous_0)
FNDA:0,(anonymous_1)
FNDA:0,(anonymous_2)
FNDA:0,(anonymous_3)
FNDA:0,(anonymous_4)
FNDA:1,(anonymous_5)
FNDA:0,(anonymous_6)
FNDA:0,(anonymous_7)
DA:7,1
DA:8,1
DA:9,1
DA:10,1
DA:11,1
DA:12,1
DA:13,1
DA:14,1
DA:15,1
DA:16,0
DA:18,1
DA:22,1
DA:23,0
DA:26,1
DA:27,0
DA:28,0
DA:29,0
DA:30,0
DA:31,0
DA:33,0
DA:34,0
DA:38,1
DA:39,1
DA:40,1
DA:44,0
DA:46,0
DA:47,0
DA:56,0
DA:57,0
DA:65,0
DA:66,0
LF:31
LH:15
BRDA:12,0,0,0
BRDA:12,0,1,1
BRDA:13,1,0,1
BRDA:13,1,1,0
BRDA:15,2,0,1
BRDA:15,2,1,0
BRDA:29,3,0,0
BRDA:29,3,1,0
BRDA:39,4,0,1
BRDA:39,4,1,0
BRF:10
BRH:4
end_of_record
TN:
SF:src/containers/Dashboard.js
FN:8,(anonymous_0)
FN:10,(anonymous_1)
FN:30,(anonymous_2)
FN:55,(anonymous_3)
FN:56,(anonymous_4)
FN:59,(anonymous_5)
FN:71,(anonymous_6)
FN:77,(anonymous_7)
FN:78,(anonymous_8)
FN:79,(anonymous_9)
FN:83,(anonymous_10)
FN:96,(anonymous_11)
FN:101,(anonymous_12)
FN:108,(anonymous_13)
FN:109,(anonymous_14)
FN:123,(anonymous_15)
FN:133,(anonymous_16)
FN:144,(anonymous_17)
FN:158,(anonymous_18)
FN:159,(anonymous_19)
FN:164,(anonymous_20)
FN:169,(anonymous_21)
FN:171,(anonymous_22)
FN:179,(anonymous_23)
FNF:24
FNH:19
FNDA:44,(anonymous_0)
FNDA:104,(anonymous_1)
FNDA:6,(anonymous_2)
FNDA:6,(anonymous_3)
FNDA:6,(anonymous_4)
FNDA:5,(anonymous_5)
FNDA:14,(anonymous_6)
FNDA:0,(anonymous_7)
FNDA:0,(anonymous_8)
FNDA:0,(anonymous_9)
FNDA:1,(anonymous_10)
FNDA:3,(anonymous_11)
FNDA:8,(anonymous_12)
FNDA:0,(anonymous_13)
FNDA:0,(anonymous_14)
FNDA:1,(anonymous_15)
FNDA:1,(anonymous_16)
FNDA:5,(anonymous_17)
FNDA:20,(anonymous_18)
FNDA:3,(anonymous_19)
FNDA:5,(anonymous_20)
FNDA:3,(anonymous_21)
FNDA:12,(anonymous_22)
FNDA:2,(anonymous_23)
DA:8,6
DA:9,44
DA:14,104
DA:15,104
DA:26,104
DA:30,6
DA:31,6
DA:32,6
DA:34,6
DA:37,6
DA:55,6
DA:56,6
DA:59,6
DA:60,5
DA:62,3
DA:64,1
DA:66,1
DA:72,14
DA:73,14
DA:74,14
DA:75,14
DA:76,14
DA:77,14
DA:78,14
DA:79,14
DA:80,14
DA:83,14
DA:84,1
DA:85,1
DA:87,1
DA:88,1
DA:89,1
DA:91,0
DA:92,0
DA:99,3
DA:101,2
DA:102,8
DA:104,2
DA:105,2
DA:106,2
DA:107,2
DA:108,2
DA:109,2
DA:110,2
DA:114,1
DA:115,1
DA:118,1
DA:119,1
DA:123,14
DA:124,1
DA:129,1
DA:130,1
DA:133,14
DA:134,1
DA:139,1
DA:140,1
DA:146,5
DA:148,5
DA:149,5
DA:150,5
DA:151,5
DA:153,0
DA:154,0
DA:155,0
DA:158,5
DA:159,20
DA:161,5
DA:164,14
DA:165,5
DA:166,5
DA:170,3
DA:171,12
DA:177,3
DA:180,2
LF:74
LH:69
BRDA:9,0,0,26
BRDA:9,0,1,18
BRDA:9,1,0,44
BRDA:9,1,1,26
BRDA:14,2,0,104
BRDA:14,2,1,0
BRDA:32,3,0,0
BRDA:32,3,1,6
BRDA:34,4,0,0
BRDA:34,4,1,6
BRDA:56,5,0,5
BRDA:56,5,1,1
BRDA:56,6,0,6
BRDA:56,6,1,6
BRDA:60,7,0,3
BRDA:60,7,1,1
BRDA:60,7,2,1
BRDA:87,8,0,1
BRDA:87,8,1,0
BRDA:89,9,0,0
BRDA:89,9,1,1
BRDA:92,10,0,0
BRDA:92,10,1,0
BRDA:99,11,0,2
BRDA:99,11,1,1
BRDA:146,12,0,5
BRDA:146,12,1,0
BRDA:146,13,0,5
BRDA:146,13,1,2
BRDA:148,14,0,5
BRDA:148,14,1,0
BRDA:165,15,0,5
BRDA:165,15,1,0
BRF:33
BRH:23
end_of_record
TN:
SF:src/containers/Login.js
FN:7,(anonymous_0)
FN:18,(anonymous_1)
FN:29,(anonymous_2)
FN:31,(anonymous_3)
FN:40,(anonymous_4)
FN:53,(anonymous_5)
FN:55,(anonymous_6)
FN:64,(anonymous_7)
FN:70,(anonymous_8)
FN:79,(anonymous_9)
FN:89,(anonymous_10)
FNF:11
FNH:5
FNDA:4,(anonymous_0)
FNDA:2,(anonymous_1)
FNDA:0,(anonymous_2)
FNDA:2,(anonymous_3)
FNDA:2,(anonymous_4)
FNDA:0,(anonymous_5)
FNDA:2,(anonymous_6)
FNDA:0,(anonymous_7)
FNDA:0,(anonymous_8)
FNDA:0,(anonymous_9)
FNDA:0,(anonymous_10)
DA:3,3
DA:8,4
DA:9,4
DA:10,4
DA:11,4
DA:12,4
DA:13,4
DA:14,4
DA:15,4
DA:16,4
DA:18,4
DA:19,2
DA:20,2
DA:26,2
DA:27,2
DA:29,0
DA:32,2
DA:33,2
DA:34,2
DA:35,2
DA:40,4
DA:41,2
DA:42,2
DA:50,2
DA:51,2
DA:53,0
DA:56,2
DA:57,2
DA:58,2
DA:59,2
DA:64,4
DA:65,0
DA:66,0
DA:71,0
DA:74,0
DA:79,4
DA:80,0
DA:81,0
DA:90,0
DA:91,0
DA:94,0
LF:41
LH:30
BRDA:65,0,0,0
BRDA:65,0,1,0
BRDA:80,1,0,0
BRDA:80,1,1,0
BRF:4
BRH:0
end_of_record
TN:
SF:src/containers/Logout.js
FN:4,(anonymous_0)
FN:11,(anonymous_1)
FNF:2
FNH:2
FNDA:16,(anonymous_0)
FNDA:2,(anonymous_1)
DA:5,16
DA:6,16
DA:7,16
DA:8,16
DA:11,16
DA:12,2
DA:13,2
LF:7
LH:7
BRF:0
BRH:0
end_of_record
TN:
SF:src/containers/NewBill.js
FN:5,(anonymous_0)
FN:24,(anonymous_1)
FN:29,(anonymous_2)
FN:50,(anonymous_3)
FN:55,(anonymous_4)
FN:68,(anonymous_5)
FN:91,(anonymous_6)
FN:96,(anonymous_7)
FN:99,(anonymous_8)
FNF:9
FNH:0
FNDA:0,(anonymous_0)
FNDA:0,(anonymous_1)
FNDA:0,(anonymous_2)
FNDA:0,(anonymous_3)
FNDA:0,(anonymous_4)
FNDA:0,(anonymous_5)
FNDA:0,(anonymous_6)
FNDA:0,(anonymous_7)
FNDA:0,(anonymous_8)
DA:6,0
DA:7,0
DA:8,0
DA:9,0
DA:10,0
DA:11,0
DA:12,0
DA:13,0
DA:14,0
DA:15,0
DA:16,0
DA:17,0
DA:18,0
DA:24,0
DA:25,0
DA:29,0
DA:30,0
DA:31,0
DA:32,0
DA:35,0
DA:37,0
DA:38,0
DA:39,0
DA:40,0
DA:41,0
DA:42,0
DA:51,0
DA:52,0
DA:53,0
DA:54,0
DA:55,0
DA:58,0
DA:59,0
DA:60,0
DA:68,0
DA:69,0
DA:70,0
DA:71,0
DA:72,0
DA:85,0
DA:86,0
DA:87,0
DA:91,0
DA:92,0
DA:93,0
DA:97,0
DA:99,0
LF:47
LH:0
BRDA:14,0,0,0
BRDA:14,0,1,0
BRDA:37,1,0,0
BRDA:37,1,1,0
BRDA:79,2,0,0
BRDA:79,2,1,0
BRDA:92,3,0,0
BRDA:92,3,1,0
BRF:8
BRH:0
end_of_record
TN:
SF:src/views/Actions.js
FN:4,(anonymous_0)
FNF:1
FNH:1
FNDA:6,(anonymous_0)
DA:6,6
LF:1
LH:1
BRDA:8,0,0,0
BRDA:8,0,1,6
BRF:2
BRH:1
end_of_record
TN:
SF:src/views/BillsUI.js
FN:7,(anonymous_0)
FN:22,(anonymous_1)
FN:30,(anonymous_2)
FN:35,(anonymous_3)
FN:41,(anonymous_4)
FN:44,(anonymous_5)
FN:46,(anonymous_6)
FNF:7
FNH:7
FNDA:4,(anonymous_0)
FNDA:4,(anonymous_1)
FNDA:4,(anonymous_2)
FNDA:6,(anonymous_3)
FNDA:4,(anonymous_4)
FNDA:6,(anonymous_5)
FNDA:4,(anonymous_6)
DA:7,6
DA:8,4
DA:22,6
DA:27,4
DA:28,3
DA:30,4
DA:31,1
DA:32,0
DA:35,1
DA:36,6
DA:37,6
DA:38,6
DA:41,4
DA:46,6
DA:63,6
DA:64,1
DA:65,5
DA:66,1
DA:69,4
LF:19
LH:18
BRDA:27,0,0,3
BRDA:27,0,1,1
BRDA:27,1,0,4
BRDA:27,1,1,2
BRDA:31,2,0,0
BRDA:31,2,1,1
BRDA:31,3,0,1
BRDA:31,3,1,1
BRDA:36,4,0,6
BRDA:36,4,1,6
BRDA:37,5,0,6
BRDA:37,5,1,6
BRDA:63,6,0,1
BRDA:63,6,1,5
BRDA:65,7,0,1
BRDA:65,7,1,4
BRF:16
BRH:15
end_of_record
TN:
SF:src/views/DashboardFormUI.js
FN:7,(anonymous_0)
FN:24,(anonymous_1)
FNF:2
FNH:2
FNDA:12,(anonymous_0)
FNDA:12,(anonymous_1)
DA:7,12
DA:28,12
LF:2
LH:2
BRDA:72,0,0,0
BRDA:72,0,1,12
BRDA:73,1,0,0
BRDA:73,1,1,12
BRDA:81,2,0,6
BRDA:81,2,1,6
BRDA:94,3,0,6
BRDA:94,3,1,6
BRF:8
BRH:6
end_of_record
TN:
SF:src/views/DashboardUI.js
FN:8,(anonymous_0)
FNF:1
FNH:1
FNDA:21,(anonymous_0)
DA:10,21
DA:11,6
DA:12,15
DA:13,3
DA:16,12
LF:5
LH:5
BRDA:10,0,0,6
BRDA:10,0,1,15
BRDA:12,1,0,3
BRDA:12,1,1,12
BRDA:22,2,0,12
BRDA:22,2,1,7
BRDA:29,3,0,12
BRDA:29,3,1,7
BRDA:36,4,0,12
BRDA:36,4,1,7
BRF:10
BRH:10
end_of_record
TN:
SF:src/views/ErrorPage.js
FN:3,(anonymous_0)
FNF:1
FNH:1
FNDA:6,(anonymous_0)
DA:4,6
LF:1
LH:1
BRDA:12,0,0,5
BRDA:12,0,1,1
BRF:2
BRH:2
end_of_record
TN:
SF:src/views/LoadingPage.js
FN:3,(anonymous_0)
FNF:1
FNH:1
FNDA:8,(anonymous_0)
DA:5,8
LF:1
LH:1
BRF:0
BRH:0
end_of_record
TN:
SF:src/views/LoginUI.js
FN:2,(anonymous_0)
FNF:1
FNH:1
FNDA:14,(anonymous_0)
DA:4,14
LF:1
LH:1
BRF:0
BRH:0
end_of_record
TN:
SF:src/views/NewBillUI.js
FN:3,(anonymous_0)
FNF:1
FNH:1
FNDA:3,(anonymous_0)
DA:5,3
LF:1
LH:1
BRF:0
BRH:0
end_of_record
TN:
SF:src/views/VerticalLayout.js
FN:5,(anonymous_0)
FNF:1
FNH:1
FNDA:34,(anonymous_0)
DA:7,34
DA:8,34
DA:9,22
DA:11,34
DA:12,6
DA:29,28
LF:6
LH:6
BRDA:8,0,0,22
BRDA:8,0,1,12
BRDA:11,1,0,6
BRDA:11,1,1,28
BRDA:11,2,0,34
BRDA:11,2,1,22
BRF:6
BRH:6
end_of_record
